This is pdfTeX, Version 3.1415926-2.4-1.40.13 (TeX Live 2012/Debian) (format=pdflatex 2014.7.23)  30 JUL 2014 18:59
entering extended mode
 restricted \write18 enabled.
 %&-line parsing enabled.
**thesis.tex
(./thesis.tex
LaTeX2e <2011/06/27>
Babel <v3.8m> and hyphenation patterns for english, dumylang, nohyphenation, et
hiopic, farsi, arabic, pinyin, croatian, bulgarian, ukrainian, russian, slovak,
 czech, danish, dutch, usenglishmax, ukenglish, finnish, french, basque, ngerma
n, german, swissgerman, ngerman-x-2012-05-30, german-x-2012-05-30, monogreek, g
reek, ibycus, ancientgreek, hungarian, bengali, tamil, hindi, telugu, gujarati,
 sanskrit, malayalam, kannada, assamese, marathi, oriya, panjabi, italian, lati
n, latvian, lithuanian, mongolian, mongolianlmc, nynorsk, bokmal, indonesian, e
speranto, coptic, welsh, irish, interlingua, serbian, serbianc, slovenian, friu
lan, romansh, estonian, romanian, armenian, uppersorbian, turkish, afrikaans, i
celandic, kurmanji, polish, portuguese, galician, catalan, spanish, swedish, lo
aded.
(/usr/share/texlive/texmf-dist/tex/latex/base/report.cls
Document Class: report 2007/10/19 v1.4h Standard LaTeX document class
(/usr/share/texlive/texmf-dist/tex/latex/base/size12.clo
File: size12.clo 2007/10/19 v1.4h Standard LaTeX file (size option)
)
\c@part=\count79
\c@chapter=\count80
\c@section=\count81
\c@subsection=\count82
\c@subsubsection=\count83
\c@paragraph=\count84
\c@subparagraph=\count85
\c@figure=\count86
\c@table=\count87
\abovecaptionskip=\skip41
\belowcaptionskip=\skip42
\bibindent=\dimen102
)
(./common_preambles.tex
(/usr/share/texlive/texmf-dist/tex/latex/graphics/graphicx.sty
Package: graphicx 1999/02/16 v1.0f Enhanced LaTeX Graphics (DPC,SPQR)

(/usr/share/texlive/texmf-dist/tex/latex/graphics/keyval.sty
Package: keyval 1999/03/16 v1.13 key=value parser (DPC)
\KV@toks@=\toks14
)
(/usr/share/texlive/texmf-dist/tex/latex/graphics/graphics.sty
Package: graphics 2009/02/05 v1.0o Standard LaTeX Graphics (DPC,SPQR)

(/usr/share/texlive/texmf-dist/tex/latex/graphics/trig.sty
Package: trig 1999/03/16 v1.09 sin cos tan (DPC)
)
(/usr/share/texlive/texmf-dist/tex/latex/latexconfig/graphics.cfg
File: graphics.cfg 2010/04/23 v1.9 graphics configuration of TeX Live
)
Package graphics Info: Driver file: pdftex.def on input line 91.

(/usr/share/texlive/texmf-dist/tex/latex/pdftex-def/pdftex.def
File: pdftex.def 2011/05/27 v0.06d Graphics/color for pdfTeX

(/usr/share/texlive/texmf-dist/tex/generic/oberdiek/infwarerr.sty
Package: infwarerr 2010/04/08 v1.3 Providing info/warning/error messages (HO)
)
(/usr/share/texlive/texmf-dist/tex/generic/oberdiek/ltxcmds.sty
Package: ltxcmds 2011/11/09 v1.22 LaTeX kernel commands for general use (HO)
)
\Gread@gobject=\count88
))
\Gin@req@height=\dimen103
\Gin@req@width=\dimen104
)
(/usr/share/texlive/texmf-dist/tex/latex/oberdiek/epstopdf.sty
Package: epstopdf 2010/02/09 v2.5 Conversion with epstopdf on the fly (HO)

(/usr/share/texlive/texmf-dist/tex/latex/oberdiek/epstopdf-base.sty
Package: epstopdf-base 2010/02/09 v2.5 Base part for package epstopdf

(/usr/share/texlive/texmf-dist/tex/latex/oberdiek/grfext.sty
Package: grfext 2010/08/19 v1.1 Manage graphics extensions (HO)

(/usr/share/texlive/texmf-dist/tex/generic/oberdiek/kvdefinekeys.sty
Package: kvdefinekeys 2011/04/07 v1.3 Define keys (HO)
))
(/usr/share/texlive/texmf-dist/tex/latex/oberdiek/kvoptions.sty
Package: kvoptions 2011/06/30 v3.11 Key value format for package options (HO)

(/usr/share/texlive/texmf-dist/tex/generic/oberdiek/kvsetkeys.sty
Package: kvsetkeys 2012/04/25 v1.16 Key value parser (HO)

(/usr/share/texlive/texmf-dist/tex/generic/oberdiek/etexcmds.sty
Package: etexcmds 2011/02/16 v1.5 Avoid name clashes with e-TeX commands (HO)

(/usr/share/texlive/texmf-dist/tex/generic/oberdiek/ifluatex.sty
Package: ifluatex 2010/03/01 v1.3 Provides the ifluatex switch (HO)
Package ifluatex Info: LuaTeX not detected.
)
Package etexcmds Info: Could not find \expanded.
(etexcmds)             That can mean that you are not using pdfTeX 1.50 or
(etexcmds)             that some package has redefined \expanded.
(etexcmds)             In the latter case, load this package earlier.
)))
(/usr/share/texlive/texmf-dist/tex/generic/oberdiek/pdftexcmds.sty
Package: pdftexcmds 2011/11/29 v0.20 Utility functions of pdfTeX for LuaTeX (HO
)

(/usr/share/texlive/texmf-dist/tex/generic/oberdiek/ifpdf.sty
Package: ifpdf 2011/01/30 v2.3 Provides the ifpdf switch (HO)
Package ifpdf Info: pdfTeX in PDF mode is detected.
)
Package pdftexcmds Info: LuaTeX not detected.
Package pdftexcmds Info: \pdf@primitive is available.
Package pdftexcmds Info: \pdf@ifprimitive is available.
Package pdftexcmds Info: \pdfdraftmode found.
)
Package grfext Info: Graphics extension search list:
(grfext)             [.png,.pdf,.jpg,.mps,.jpeg,.jbig2,.jb2,.PNG,.PDF,.JPG,.JPE
G,.JBIG2,.JB2,.eps]
(grfext)             \AppendGraphicsExtensions on input line 452.

(/usr/share/texlive/texmf-dist/tex/latex/latexconfig/epstopdf-sys.cfg
File: epstopdf-sys.cfg 2010/07/13 v1.3 Configuration of (r)epstopdf for TeX Liv
e
)))
(/usr/share/texlive/texmf-dist/tex/latex/tools/tabularx.sty
Package: tabularx 1999/01/07 v2.07 `tabularx' package (DPC)

(/usr/share/texlive/texmf-dist/tex/latex/tools/array.sty
Package: array 2008/09/09 v2.4c Tabular extension package (FMi)
\col@sep=\dimen105
\extrarowheight=\dimen106
\NC@list=\toks15
\extratabsurround=\skip43
\backup@length=\skip44
)
\TX@col@width=\dimen107
\TX@old@table=\dimen108
\TX@old@col=\dimen109
\TX@target=\dimen110
\TX@delta=\dimen111
\TX@cols=\count89
\TX@ftn=\toks16
)
(/usr/share/texlive/texmf-dist/tex/latex/subfig/subfig.sty
Package: subfig 2005/06/28 ver: 1.3 subfig package

(/usr/share/texlive/texmf-dist/tex/latex/caption/caption.sty
Package: caption 2012/02/19 v3.2f Customizing captions (AR)

(/usr/share/texlive/texmf-dist/tex/latex/caption/caption3.sty
Package: caption3 2012/01/12 v1.4b caption3 kernel (AR)
\captionmargin=\dimen112
\captionmargin@=\dimen113
\captionwidth=\dimen114
\caption@indent=\dimen115
\caption@parindent=\dimen116
\caption@hangindent=\dimen117
)
\c@ContinuedFloat=\count90
)
\c@KVtest=\count91
\sf@farskip=\skip45
\sf@captopadj=\dimen118
\sf@capskip=\skip46
\sf@nearskip=\skip47
\c@subfigure=\count92
\c@subfigure@save=\count93
\c@lofdepth=\count94
\c@subtable=\count95
\c@subtable@save=\count96
\c@lotdepth=\count97
\sf@top=\skip48
\sf@bottom=\skip49
)
(/usr/share/texlive/texmf-dist/tex/latex/tools/bm.sty
Package: bm 2004/02/26 v1.1c Bold Symbol Support (DPC/FMi)
\symboldoperators=\mathgroup4
\symboldletters=\mathgroup5
\symboldsymbols=\mathgroup6
LaTeX Font Info:    Redeclaring math alphabet \mathbf on input line 138.
LaTeX Info: Redefining \bm on input line 204.
)
(/usr/share/texlive/texmf-dist/tex/latex/graphics/color.sty
Package: color 2005/11/14 v1.0j Standard LaTeX Color (DPC)

(/usr/share/texlive/texmf-dist/tex/latex/latexconfig/color.cfg
File: color.cfg 2007/01/18 v1.5 color configuration of teTeX/TeXLive
)
Package color Info: Driver file: pdftex.def on input line 130.
)
(/usr/share/texlive/texmf-dist/tex/latex/amsmath/amsmath.sty
Package: amsmath 2000/07/18 v2.13 AMS math features
\@mathmargin=\skip50

For additional information on amsmath, use the `?' option.
(/usr/share/texlive/texmf-dist/tex/latex/amsmath/amstext.sty
Package: amstext 2000/06/29 v2.01

(/usr/share/texlive/texmf-dist/tex/latex/amsmath/amsgen.sty
File: amsgen.sty 1999/11/30 v2.0
\@emptytoks=\toks17
\ex@=\dimen119
))
(/usr/share/texlive/texmf-dist/tex/latex/amsmath/amsbsy.sty
Package: amsbsy 1999/11/29 v1.2d
LaTeX Info: Redefining \boldsymbol on input line 54.
\pmbraise@=\dimen120
)
(/usr/share/texlive/texmf-dist/tex/latex/amsmath/amsopn.sty
Package: amsopn 1999/12/14 v2.01 operator names
)
\inf@bad=\count98
LaTeX Info: Redefining \frac on input line 211.
\uproot@=\count99
\leftroot@=\count100
LaTeX Info: Redefining \overline on input line 307.
\classnum@=\count101
\DOTSCASE@=\count102
LaTeX Info: Redefining \ldots on input line 379.
LaTeX Info: Redefining \dots on input line 382.
LaTeX Info: Redefining \cdots on input line 467.
\Mathstrutbox@=\box26
\strutbox@=\box27
\big@size=\dimen121
LaTeX Font Info:    Redeclaring font encoding OML on input line 567.
LaTeX Font Info:    Redeclaring font encoding OMS on input line 568.
\macc@depth=\count103
\c@MaxMatrixCols=\count104
\dotsspace@=\muskip10
\c@parentequation=\count105
\dspbrk@lvl=\count106
\tag@help=\toks18
\row@=\count107
\column@=\count108
\maxfields@=\count109
\andhelp@=\toks19
\eqnshift@=\dimen122
\alignsep@=\dimen123
\tagshift@=\dimen124
\tagwidth@=\dimen125
\totwidth@=\dimen126
\lineht@=\dimen127
\@envbody=\toks20
\multlinegap=\skip51
\multlinetaggap=\skip52
\mathdisplay@stack=\toks21
LaTeX Info: Redefining \[ on input line 2666.
LaTeX Info: Redefining \] on input line 2667.
)
(/usr/share/texlive/texmf-dist/tex/latex/jknapltx/mathrsfs.sty
Package: mathrsfs 1996/01/01 Math RSFS package v1.0 (jk)
\symrsfs=\mathgroup7
)
(/usr/share/texlive/texmf-dist/tex/latex/mh/mathtools.sty
Package: mathtools 2012/04/24 v1.12 mathematical typesetting tools

(/usr/share/texlive/texmf-dist/tex/latex/tools/calc.sty
Package: calc 2007/08/22 v4.3 Infix arithmetic (KKT,FJ)
\calc@Acount=\count110
\calc@Bcount=\count111
\calc@Adimen=\dimen128
\calc@Bdimen=\dimen129
\calc@Askip=\skip53
\calc@Bskip=\skip54
LaTeX Info: Redefining \setlength on input line 76.
LaTeX Info: Redefining \addtolength on input line 77.
\calc@Ccount=\count112
\calc@Cskip=\skip55
)
(/usr/share/texlive/texmf-dist/tex/latex/mh/mhsetup.sty
Package: mhsetup 2010/01/21 v1.2a programming setup (MH)
)
\g_MT_multlinerow_int=\count113
\l_MT_multwidth_dim=\dimen130
\origjot=\skip56
\l_MT_shortvdotswithinadjustabove_dim=\dimen131
\l_MT_shortvdotswithinadjustbelow_dim=\dimen132
\l_MT_above_intertext_dim=\dimen133
\l_MT_below_intertext_dim=\dimen134
\l_MT_above_shortintertext_dim=\dimen135
\l_MT_below_shortintertext_dim=\dimen136
)
(/usr/share/texlive/texmf-dist/tex/latex/amsfonts/amssymb.sty
Package: amssymb 2009/06/22 v3.00

(/usr/share/texlive/texmf-dist/tex/latex/amsfonts/amsfonts.sty
Package: amsfonts 2009/06/22 v3.00 Basic AMSFonts support
\symAMSa=\mathgroup8
\symAMSb=\mathgroup9
LaTeX Font Info:    Overwriting math alphabet `\mathfrak' in version `bold'
(Font)                  U/euf/m/n --> U/euf/b/n on input line 96.
))
(/usr/share/texlive/texmf-dist/tex/latex/amscls/amsthm.sty
Package: amsthm 2009/07/02 v2.20.1
\thm@style=\toks22
\thm@bodyfont=\toks23
\thm@headfont=\toks24
\thm@notefont=\toks25
\thm@headpunct=\toks26
\thm@preskip=\skip57
\thm@postskip=\skip58
\thm@headsep=\skip59
\dth@everypar=\toks27
)
(/usr/share/texlive/texmf-dist/tex/latex/base/newlfont.sty
Package: newlfont 1998/08/17 v2.2m Standard LaTeX package
LaTeX Info: Redefining \em on input line 67.

(/usr/share/texlive/texmf-dist/tex/latex/base/latexsym.sty
Package: latexsym 1998/08/17 v2.2e Standard LaTeX package (lasy symbols)
\symlasy=\mathgroup10
LaTeX Font Info:    Overwriting symbol font `lasy' in version `bold'
(Font)                  U/lasy/m/n --> U/lasy/b/n on input line 47.
))
(/usr/share/texlive/texmf-dist/tex/latex/base/textcomp.sty
Package: textcomp 2005/09/27 v1.99g Standard LaTeX package
Package textcomp Info: Sub-encoding information:
(textcomp)               5 = only ISO-Adobe without \textcurrency
(textcomp)               4 = 5 + \texteuro
(textcomp)               3 = 4 + \textohm
(textcomp)               2 = 3 + \textestimated + \textcurrency
(textcomp)               1 = TS1 - \textcircled - \t
(textcomp)               0 = TS1 (full)
(textcomp)             Font families with sub-encoding setting implement
(textcomp)             only a restricted character set as indicated.
(textcomp)             Family '?' is the default used for unknown fonts.
(textcomp)             See the documentation for details.
Package textcomp Info: Setting ? sub-encoding to TS1/1 on input line 71.

(/usr/share/texlive/texmf-dist/tex/latex/base/ts1enc.def
File: ts1enc.def 2001/06/05 v3.0e (jk/car/fm) Standard LaTeX file
)
LaTeX Info: Redefining \oldstylenums on input line 266.
Package textcomp Info: Setting cmr sub-encoding to TS1/0 on input line 281.
Package textcomp Info: Setting cmss sub-encoding to TS1/0 on input line 282.
Package textcomp Info: Setting cmtt sub-encoding to TS1/0 on input line 283.
Package textcomp Info: Setting cmvtt sub-encoding to TS1/0 on input line 284.
Package textcomp Info: Setting cmbr sub-encoding to TS1/0 on input line 285.
Package textcomp Info: Setting cmtl sub-encoding to TS1/0 on input line 286.
Package textcomp Info: Setting ccr sub-encoding to TS1/0 on input line 287.
Package textcomp Info: Setting ptm sub-encoding to TS1/4 on input line 288.
Package textcomp Info: Setting pcr sub-encoding to TS1/4 on input line 289.
Package textcomp Info: Setting phv sub-encoding to TS1/4 on input line 290.
Package textcomp Info: Setting ppl sub-encoding to TS1/3 on input line 291.
Package textcomp Info: Setting pag sub-encoding to TS1/4 on input line 292.
Package textcomp Info: Setting pbk sub-encoding to TS1/4 on input line 293.
Package textcomp Info: Setting pnc sub-encoding to TS1/4 on input line 294.
Package textcomp Info: Setting pzc sub-encoding to TS1/4 on input line 295.
Package textcomp Info: Setting bch sub-encoding to TS1/4 on input line 296.
Package textcomp Info: Setting put sub-encoding to TS1/5 on input line 297.
Package textcomp Info: Setting uag sub-encoding to TS1/5 on input line 298.
Package textcomp Info: Setting ugq sub-encoding to TS1/5 on input line 299.
Package textcomp Info: Setting ul8 sub-encoding to TS1/4 on input line 300.
Package textcomp Info: Setting ul9 sub-encoding to TS1/4 on input line 301.
Package textcomp Info: Setting augie sub-encoding to TS1/5 on input line 302.
Package textcomp Info: Setting dayrom sub-encoding to TS1/3 on input line 303.
Package textcomp Info: Setting dayroms sub-encoding to TS1/3 on input line 304.

Package textcomp Info: Setting pxr sub-encoding to TS1/0 on input line 305.
Package textcomp Info: Setting pxss sub-encoding to TS1/0 on input line 306.
Package textcomp Info: Setting pxtt sub-encoding to TS1/0 on input line 307.
Package textcomp Info: Setting txr sub-encoding to TS1/0 on input line 308.
Package textcomp Info: Setting txss sub-encoding to TS1/0 on input line 309.
Package textcomp Info: Setting txtt sub-encoding to TS1/0 on input line 310.
Package textcomp Info: Setting lmr sub-encoding to TS1/0 on input line 311.
Package textcomp Info: Setting lmdh sub-encoding to TS1/0 on input line 312.
Package textcomp Info: Setting lmss sub-encoding to TS1/0 on input line 313.
Package textcomp Info: Setting lmssq sub-encoding to TS1/0 on input line 314.
Package textcomp Info: Setting lmvtt sub-encoding to TS1/0 on input line 315.
Package textcomp Info: Setting qhv sub-encoding to TS1/0 on input line 316.
Package textcomp Info: Setting qag sub-encoding to TS1/0 on input line 317.
Package textcomp Info: Setting qbk sub-encoding to TS1/0 on input line 318.
Package textcomp Info: Setting qcr sub-encoding to TS1/0 on input line 319.
Package textcomp Info: Setting qcs sub-encoding to TS1/0 on input line 320.
Package textcomp Info: Setting qpl sub-encoding to TS1/0 on input line 321.
Package textcomp Info: Setting qtm sub-encoding to TS1/0 on input line 322.
Package textcomp Info: Setting qzc sub-encoding to TS1/0 on input line 323.
Package textcomp Info: Setting qhvc sub-encoding to TS1/0 on input line 324.
Package textcomp Info: Setting futs sub-encoding to TS1/4 on input line 325.
Package textcomp Info: Setting futx sub-encoding to TS1/4 on input line 326.
Package textcomp Info: Setting futj sub-encoding to TS1/4 on input line 327.
Package textcomp Info: Setting hlh sub-encoding to TS1/3 on input line 328.
Package textcomp Info: Setting hls sub-encoding to TS1/3 on input line 329.
Package textcomp Info: Setting hlst sub-encoding to TS1/3 on input line 330.
Package textcomp Info: Setting hlct sub-encoding to TS1/5 on input line 331.
Package textcomp Info: Setting hlx sub-encoding to TS1/5 on input line 332.
Package textcomp Info: Setting hlce sub-encoding to TS1/5 on input line 333.
Package textcomp Info: Setting hlcn sub-encoding to TS1/5 on input line 334.
Package textcomp Info: Setting hlcw sub-encoding to TS1/5 on input line 335.
Package textcomp Info: Setting hlcf sub-encoding to TS1/5 on input line 336.
Package textcomp Info: Setting pplx sub-encoding to TS1/3 on input line 337.
Package textcomp Info: Setting pplj sub-encoding to TS1/3 on input line 338.
Package textcomp Info: Setting ptmx sub-encoding to TS1/4 on input line 339.
Package textcomp Info: Setting ptmj sub-encoding to TS1/4 on input line 340.
)
(/usr/share/texlive/texmf-dist/tex/latex/was/gensymb.sty
Package: gensymb 2003/07/02 v1.0 (WaS)
)
(/usr/share/texlive/texmf-dist/tex/latex/base/syntonly.sty
Package: syntonly 1999/09/17 v2.1e Standard LaTeX2e package
)
(/usr/share/texlive/texmf-dist/tex/latex/appendix/appendix.sty
Package: appendix 2009/09/02 v1.2b extra appendix facilities
\c@@pps=\count114
\c@@ppsavesec=\count115
\c@@ppsaveapp=\count116
)
(/usr/share/texlive/texmf-dist/tex/latex/setspace/setspace.sty
Package: setspace 2011/12/19 v6.7a set line spacing
)
(/usr/share/texlive/texmf-dist/tex/latex/adjustbox/adjustbox.sty
Package: adjustbox 2012/05/21 v1.0 Adjusting TeX boxes (trim, clip, ...)

(/usr/share/texlive/texmf-dist/tex/latex/xkeyval/xkeyval.sty
Package: xkeyval 2008/08/13 v2.6a package option processing (HA)

(/usr/share/texlive/texmf-dist/tex/generic/xkeyval/xkeyval.tex
\XKV@toks=\toks28
\XKV@tempa@toks=\toks29
\XKV@depth=\count117
File: xkeyval.tex 2008/08/13 v2.6a key=value parser (HA)
))
(/usr/share/texlive/texmf-dist/tex/latex/adjustbox/adjcalc.sty
Package: adjcalc 2012/05/16 v1.1 Provides advanced setlength with multiple back
-ends (calc, etex, pgfmath)
)
(/usr/share/texlive/texmf-dist/tex/latex/adjustbox/trimclip.sty
Package: trimclip 2012/05/16 v1.0 Trim and clip general TeX material

(/usr/share/texlive/texmf-dist/tex/latex/collectbox/collectbox.sty
Package: collectbox 2012/05/17 v0.4b Collect macro arguments as boxes
\collectedbox=\box28
)
\tc@llx=\dimen137
\tc@lly=\dimen138
\tc@urx=\dimen139
\tc@ury=\dimen140
Package trimclip Info: Using driver 'tc-pdftex.def'.

(/usr/share/texlive/texmf-dist/tex/latex/adjustbox/tc-pdftex.def
File: tc-pdftex.def 2012/05/13 v1.0 Clipping driver for pdftex
))
\adjbox@Width=\dimen141
\adjbox@Height=\dimen142
\adjbox@Depth=\dimen143
\adjbox@Totalheight=\dimen144

(/usr/share/texlive/texmf-dist/tex/latex/ifoddpage/ifoddpage.sty
Package: ifoddpage 2011/09/13 v1.0 Conditionals for odd/even page detection
\c@checkoddpage=\count118
)
(/usr/share/texlive/texmf-dist/tex/latex/varwidth/varwidth.sty
Package: varwidth 2009/03/30 ver 0.92;  Variable-width minipages
\@vwid@box=\box29
\sift@deathcycles=\count119
\@vwid@loff=\dimen145
\@vwid@roff=\dimen146
))
(/usr/share/texlive/texmf-dist/tex/latex/overpic/overpic.sty
Package: overpic 2010/09/13 v0.53  Overwriting graphics

Package: overpic v0.53 <2010/09/13> (RN)
(/usr/share/texlive/texmf-dist/tex/latex/eepic/epic.sty
Enhancements to Picture Environment. Version 1.2 - Released June 1, 1986
\@@multicnt=\count120
\d@lta=\count121
\@delta=\dimen147
\@@delta=\dimen148
\@gridcnt=\count122
\@joinkind=\count123
\@dotgap=\dimen149
\@ddotgap=\dimen150
\@x@diff=\count124
\@y@diff=\count125
\x@diff=\dimen151
\y@diff=\dimen152
\@dotbox=\box30
\num@segments=\count126
\num@segmentsi=\count127
\@datafile=\read1
)
overpic: relative positioning in percent
) (/usr/share/texlive/texmf-dist/tex/latex/booktabs/booktabs.sty
Package: booktabs 2005/04/14 v1.61803 publication quality tables
\heavyrulewidth=\dimen153
\lightrulewidth=\dimen154
\cmidrulewidth=\dimen155
\belowrulesep=\dimen156
\belowbottomsep=\dimen157
\aboverulesep=\dimen158
\abovetopsep=\dimen159
\cmidrulesep=\dimen160
\cmidrulekern=\dimen161
\defaultaddspace=\dimen162
\@cmidla=\count128
\@cmidlb=\count129
\@aboverulesep=\dimen163
\@belowrulesep=\dimen164
\@thisruleclass=\count130
\@lastruleclass=\count131
\@thisrulewidth=\dimen165
)
(/usr/share/texlive/texmf-dist/tex/latex/cite/cite.sty
LaTeX Info: Redefining \cite on input line 302.
LaTeX Info: Redefining \nocite on input line 373.
Package: cite 2010/09/10  v 5.3
)
(/usr/share/texlive/texmf-dist/tex/latex/notoccite/notoccite.sty
Package: notoccite 2000/07/20
)
(/usr/share/texlive/texmf-dist/tex/latex/multirow/multirow.sty
\bigstrutjot=\dimen166
)
(/usr/share/texlive/texmf-dist/tex/latex/hyperref/hyperref.sty
Package: hyperref 2012/05/13 v6.82q Hypertext links for LaTeX

(/usr/share/texlive/texmf-dist/tex/generic/oberdiek/hobsub-hyperref.sty
Package: hobsub-hyperref 2012/05/28 v1.13 Bundle oberdiek, subset hyperref (HO)


(/usr/share/texlive/texmf-dist/tex/generic/oberdiek/hobsub-generic.sty
Package: hobsub-generic 2012/05/28 v1.13 Bundle oberdiek, subset generic (HO)
Package: hobsub 2012/05/28 v1.13 Construct package bundles (HO)
Package hobsub Info: Skipping package `infwarerr' (already loaded).
Package hobsub Info: Skipping package `ltxcmds' (already loaded).
Package hobsub Info: Skipping package `ifluatex' (already loaded).
Package: ifvtex 2010/03/01 v1.5 Detect VTeX and its facilities (HO)
Package ifvtex Info: VTeX not detected.
Package: intcalc 2007/09/27 v1.1 Expandable calculations with integers (HO)
Package hobsub Info: Skipping package `ifpdf' (already loaded).
Package hobsub Info: Skipping package `etexcmds' (already loaded).
Package hobsub Info: Skipping package `kvsetkeys' (already loaded).
Package hobsub Info: Skipping package `kvdefinekeys' (already loaded).
Package hobsub Info: Skipping package `pdftexcmds' (already loaded).
Package: pdfescape 2011/11/25 v1.13 Implements pdfTeX's escape features (HO)
Package: bigintcalc 2012/04/08 v1.3 Expandable calculations on big integers (HO
)
Package: bitset 2011/01/30 v1.1 Handle bit-vector datatype (HO)
Package: uniquecounter 2011/01/30 v1.2 Provide unlimited unique counter (HO)
)
Package hobsub Info: Skipping package `hobsub' (already loaded).
Package: letltxmacro 2010/09/02 v1.4 Let assignment for LaTeX macros (HO)
Package: hopatch 2012/05/28 v1.2 Wrapper for package hooks (HO)
Package: xcolor-patch 2011/01/30 xcolor patch
Package: atveryend 2011/06/30 v1.8 Hooks at the very end of document (HO)
Package atveryend Info: \enddocument detected (standard20110627).
Package: atbegshi 2011/10/05 v1.16 At begin shipout hook (HO)
Package: refcount 2011/10/16 v3.4 Data extraction from label references (HO)
Package: hycolor 2011/01/30 v1.7 Color options for hyperref/bookmark (HO)
)
(/usr/share/texlive/texmf-dist/tex/generic/ifxetex/ifxetex.sty
Package: ifxetex 2010/09/12 v0.6 Provides ifxetex conditional
)
\@linkdim=\dimen167
\Hy@linkcounter=\count132
\Hy@pagecounter=\count133

(/usr/share/texlive/texmf-dist/tex/latex/hyperref/pd1enc.def
File: pd1enc.def 2012/05/13 v6.82q Hyperref: PDFDocEncoding definition (HO)
)
\Hy@SavedSpaceFactor=\count134

(/usr/share/texlive/texmf-dist/tex/latex/latexconfig/hyperref.cfg
File: hyperref.cfg 2002/06/06 v1.2 hyperref configuration of TeXLive
)
Package hyperref Info: Hyper figures OFF on input line 4062.
Package hyperref Info: Link nesting OFF on input line 4067.
Package hyperref Info: Hyper index ON on input line 4070.
Package hyperref Info: Plain pages OFF on input line 4077.
Package hyperref Info: Backreferencing OFF on input line 4082.
Package hyperref Info: Implicit mode ON; LaTeX internals redefined.
Package hyperref Info: Bookmarks ON on input line 4300.
\c@Hy@tempcnt=\count135

(/usr/share/texlive/texmf-dist/tex/latex/url/url.sty
\Urlmuskip=\muskip11
Package: url 2006/04/12  ver 3.3  Verb mode for urls, etc.
)
LaTeX Info: Redefining \url on input line 4653.
\Fld@menulength=\count136
\Field@Width=\dimen168
\Fld@charsize=\dimen169
Package hyperref Info: Hyper figures OFF on input line 5773.
Package hyperref Info: Link nesting OFF on input line 5778.
Package hyperref Info: Hyper index ON on input line 5781.
Package hyperref Info: backreferencing OFF on input line 5788.
Package hyperref Info: Link coloring OFF on input line 5793.
Package hyperref Info: Link coloring with OCG OFF on input line 5798.
Package hyperref Info: PDF/A mode OFF on input line 5803.
LaTeX Info: Redefining \ref on input line 5843.
LaTeX Info: Redefining \pageref on input line 5847.
\Hy@abspage=\count137
\c@Item=\count138
\c@Hfootnote=\count139
)

Package hyperref Message: Driver: hpdftex.

(/usr/share/texlive/texmf-dist/tex/latex/hyperref/hpdftex.def
File: hpdftex.def 2012/05/13 v6.82q Hyperref driver for pdfTeX
\Fld@listcount=\count140
\c@bookmark@seq@number=\count141

(/usr/share/texlive/texmf-dist/tex/latex/oberdiek/rerunfilecheck.sty
Package: rerunfilecheck 2011/04/15 v1.7 Rerun checks for auxiliary files (HO)
Package uniquecounter Info: New unique counter `rerunfilecheck' on input line 2
82.
)
\Hy@SectionHShift=\skip60
)
(/usr/share/texlive/texmf-dist/tex/latex/glossaries/base/glossaries.sty
Package: glossaries 2012/05/21 v3.02 (NLCT)

(/usr/share/texlive/texmf-dist/tex/latex/base/ifthen.sty
Package: ifthen 2001/05/26 v1.1c Standard LaTeX ifthen package (DPC)
)
(/usr/share/texlive/texmf-dist/tex/latex/glossaries/base/mfirstuc.sty
Package: mfirstuc 2012/05/21 v1.06 (NLCT)

(/usr/share/texmf/tex/latex/etoolbox/etoolbox.sty
Package: etoolbox 2011/01/03 v2.1 e-TeX tools for LaTeX

(/usr/share/texlive/texmf-dist/tex/latex/etex-pkg/etex.sty
Package: etex 1998/03/26 v2.0 eTeX basic definition package (PEB)
\et@xins=\count142
)
\etb@tempcnta=\count143
)
\@glsmfirst=\toks30
\@glsmrest=\toks31
)
(/usr/share/texlive/texmf-dist/tex/latex/xfor/xfor.sty
Package: xfor 2009/02/05 v1.05 (NLCT)
)
\gls@level=\count144
\@gls@tmpb=\toks32
\gls@tmplen=\skip61
\glswrite=\write3
\glskeylisttok=\toks33
\glslabeltok=\toks34
\glsshorttok=\toks35
\glslongtok=\toks36

(/usr/share/texlive/texmf-dist/tex/latex/glossaries/styles/glossary-hypernav.st
y
Package: glossary-hypernav 2007/07/04 v1.01 (NLCT)
) (/usr/share/texlive/texmf-dist/tex/latex/glossaries/styles/glossary-list.sty
Package: glossary-list 2011/03/28 v3.0 (NLCT)
\glslistdottedwidth=\skip62
) (/usr/share/texlive/texmf-dist/tex/latex/glossaries/styles/glossary-long.sty
Package: glossary-long 2011/03/28 v3.0 (NLCT)

(/usr/share/texlive/texmf-dist/tex/latex/tools/longtable.sty
Package: longtable 2004/02/01 v4.11 Multi-page Table package (DPC)
\LTleft=\skip63
\LTright=\skip64
\LTpre=\skip65
\LTpost=\skip66
\LTchunksize=\count145
\LTcapwidth=\dimen170
\LT@head=\box31
\LT@firsthead=\box32
\LT@foot=\box33
\LT@lastfoot=\box34
\LT@cols=\count146
\LT@rows=\count147
\c@LT@tables=\count148
\c@LT@chunks=\count149
\LT@p@ftn=\toks37
)
\glsdescwidth=\skip67
\glspagelistwidth=\skip68
)
(/usr/share/texlive/texmf-dist/tex/latex/glossaries/styles/glossary-super.sty
Package: glossary-super 2011/03/28 v3.0 (NLCT)

(/usr/share/texlive/texmf-dist/tex/latex/supertabular/supertabular.sty
Package: supertabular 2004/02/20 v4.1e the supertabular environment
\c@tracingst=\count150
\ST@wd=\dimen171
\ST@rightskip=\skip69
\ST@leftskip=\skip70
\ST@parfillskip=\skip71
\ST@pageleft=\dimen172
\ST@headht=\dimen173
\ST@tailht=\dimen174
\ST@pagesofar=\dimen175
\ST@pboxht=\dimen176
\ST@lineht=\dimen177
\ST@stretchht=\dimen178
\ST@prevht=\dimen179
\ST@toadd=\dimen180
\ST@dimen=\dimen181
\ST@pbox=\box35
))
(/usr/share/texlive/texmf-dist/tex/latex/glossaries/styles/glossary-tree.sty
Package: glossary-tree 2011/03/28 v3.0 (NLCT)
\glstreeindent=\skip72
))) (./newcommand_Tat.tex) (./newcommand_ripple.tex)
\glo@main@file=\write4
\openout4 = `thesis.glo'.

Package glossaries Info: Writing glossary file thesis.glo on input line 66.
 (./thesis.aux (./abstract.aux) (./acknowledgments.aux) (./chap_01.aux) (./chap
_02.aux) (./chap_03.aux

LaTeX Warning: Label `S(q)' multiply defined.

) (./appendix.aux))
\openout1 = `thesis.aux'.

LaTeX Font Info:    Checking defaults for OML/cmm/m/it on input line 68.
LaTeX Font Info:    ... okay on input line 68.
LaTeX Font Info:    Checking defaults for T1/cmr/m/n on input line 68.
LaTeX Font Info:    ... okay on input line 68.
LaTeX Font Info:    Checking defaults for OT1/cmr/m/n on input line 68.
LaTeX Font Info:    ... okay on input line 68.
LaTeX Font Info:    Checking defaults for OMS/cmsy/m/n on input line 68.
LaTeX Font Info:    ... okay on input line 68.
LaTeX Font Info:    Checking defaults for OMX/cmex/m/n on input line 68.
LaTeX Font Info:    ... okay on input line 68.
LaTeX Font Info:    Checking defaults for U/cmr/m/n on input line 68.
LaTeX Font Info:    ... okay on input line 68.
LaTeX Font Info:    Checking defaults for TS1/cmr/m/n on input line 68.
LaTeX Font Info:    Try loading font information for TS1+cmr on input line 68.
 (/usr/share/texlive/texmf-dist/tex/latex/base/ts1cmr.fd
File: ts1cmr.fd 1999/05/25 v2.5h Standard LaTeX font definitions
)
LaTeX Font Info:    ... okay on input line 68.
LaTeX Font Info:    Checking defaults for PD1/pdf/m/n on input line 68.
LaTeX Font Info:    ... okay on input line 68.

(/usr/share/texlive/texmf-dist/tex/context/base/supp-pdf.mkii
[Loading MPS to PDF converter (version 2006.09.02).]
\scratchcounter=\count151
\scratchdimen=\dimen182
\scratchbox=\box36
\nofMPsegments=\count152
\nofMParguments=\count153
\everyMPshowfont=\toks38
\MPscratchCnt=\count154
\MPscratchDim=\dimen183
\MPnumerator=\count155
\makeMPintoPDFobject=\count156
\everyMPtoPDFconversion=\toks39
)
Package caption Info: Begin \AtBeginDocument code.
Package caption Info: subfig package v1.3 is loaded.
Package caption Info: hyperref package is loaded.
Package caption Info: longtable package is loaded.
 (/usr/share/texlive/texmf-dist/tex/latex/caption/ltcaption.sty
Package: ltcaption 2011/09/12 v1.3 longtable captions (AR)
)
Package caption Info: supertabular package is loaded.
Package caption Info: End \AtBeginDocument code.
\symgns@font=\mathgroup11
LaTeX Font Info:    Overwriting symbol font `gns@font' in version `bold'
(Font)                  TS1/cmr/m/n --> TS1/cmr/bx/n on input line 68.
Package gensymb Info: Math companion symbols declared on input line 68.
LaTeX Info: Redefining \degree on input line 68.
LaTeX Info: Redefining \celsius on input line 68.
Package gensymb Info: Using text companion symbols for \degree, \celsius and \p
erthousand on input line 68.
LaTeX Info: Redefining \ohm on input line 68.
Package gensymb Info: Using \textohm for \ohm on input line 68.
Package gensymb Info: Using \textmu for \micro on input line 68.
\AtBeginShipoutBox=\box37
Package hyperref Info: Link coloring OFF on input line 68.

(/usr/share/texlive/texmf-dist/tex/latex/hyperref/nameref.sty
Package: nameref 2010/04/30 v2.40 Cross-referencing by name of section

(/usr/share/texlive/texmf-dist/tex/generic/oberdiek/gettitlestring.sty
Package: gettitlestring 2010/12/03 v1.4 Cleanup title references (HO)
)
\c@section@level=\count157
)
LaTeX Info: Redefining \ref on input line 68.
LaTeX Info: Redefining \pageref on input line 68.
LaTeX Info: Redefining \nameref on input line 68.

(./thesis.out) (./thesis.out)
\@outlinefile=\write5
\openout5 = `thesis.out'.

 (./glossary.tex)
LaTeX Font Info:    Try loading font information for U+rsfs on input line 75.

(/usr/share/texlive/texmf-dist/tex/latex/jknapltx/ursfs.fd
File: ursfs.fd 1998/03/24 rsfs font definition file (jk)
)
LaTeX Font Info:    Try loading font information for U+msa on input line 75.

(/usr/share/texlive/texmf-dist/tex/latex/amsfonts/umsa.fd
File: umsa.fd 2009/06/22 v3.00 AMS symbols A
)
LaTeX Font Info:    Try loading font information for U+msb on input line 75.

(/usr/share/texlive/texmf-dist/tex/latex/amsfonts/umsb.fd
File: umsb.fd 2009/06/22 v3.00 AMS symbols B
)
LaTeX Font Info:    Try loading font information for U+lasy on input line 75.

(/usr/share/texlive/texmf-dist/tex/latex/base/ulasy.fd
File: ulasy.fd 1998/08/17 v2.2e LaTeX symbol font definitions
) [1

\openout3 = `thesis.ist'.

]
Underfull \vbox (badness 10000) has occurred while \output is active []

 [2{/var/lib/texmf/fonts/map/pdftex/updmap/pdftex.map}] [3] [4

]pdfTeX warning (ext4): destination with the same identifier (name{page.2}) has
 been already used, duplicate ignored
<to be read again> 
                   \relax 
l.87 \thispagestyle{empty} \cleardoublepage
                                            [2


] (./thesis.gls [2


]) [3

]
(./thesis.toc [4

] [5])
\tf@toc=\write6
\openout6 = `thesis.toc'.

 [6] (./thesis.lot [7

])
\tf@lot=\write7
\openout7 = `thesis.lot'.

 [8] [9] (./thesis.lof
Underfull \vbox (badness 10000) has occurred while \output is active []

 [10

]
Underfull \vbox (badness 10000) has occurred while \output is active []

 [11]
[12]
Overfull \hbox (32.0407pt too wide) in paragraph at lines 26--26
 \OT1/cmr/m/n/12 (DOPC), red cir-cles (DOPC:DOPE (3:1)), and green tri-an-gles 
(DOPC:DOPE 
 []


Overfull \hbox (11.13582pt too wide) in paragraph at lines 27--27
 [][] [][]$\OML/cmm/m/it/12 ^^_[]$ \OT1/cmr/m/n/12 as a func-tion of $\OML/cmm/
m/it/12 z[]$ \OT1/cmr/m/n/12 for DOPC, DOPC:DOPE (3:1), and DOPC:DOPE 
 []


Underfull \vbox (badness 10000) has occurred while \output is active []

 [13]
Overfull \hbox (24.9006pt too wide) in paragraph at lines 35--35
 [][] [][]\OT1/cmr/m/n/12 MD sim-u-lated form fac-tors (red solid lines in A an
d C) of Tat/(DOPC+Tat), 
 []


Underfull \vbox (badness 10000) has occurred while \output is active []

 [14]
[15]
Underfull \vbox (badness 3118) has occurred while \output is active []

 [16]
Underfull \vbox (badness 10000) has occurred while \output is active []

 [17]
[18] [19] [20])
\tf@lof=\write8
\openout8 = `thesis.lof'.

 [21]
\openout2 = `chap_01.aux'.

 (./chap_01.tex
Chapter 1.
<figures/lipid.pdf, id=926, 144.69606pt x 109.09387pt>
File: figures/lipid.pdf Graphic file (type pdf)
 <use figures/lipid.pdf>
Package pdftex.def Info: figures/lipid.pdf used on input line 12.
(pdftex.def)             Requested size: 86.72267pt x 65.38358pt.


LaTeX Warning: Citation `ref:Nagle00' on page 1 undefined on input line 22.

<figures/smith_phase_diagram.pdf, id=930, 432.01399pt x 289.88298pt>
File: figures/smith_phase_diagram.pdf Graphic file (type pdf)

<use figures/smith_phase_diagram.pdf>
Package pdftex.def Info: figures/smith_phase_diagram.pdf used on input line 34.

(pdftex.def)             Requested size: 390.25534pt x 261.8698pt.
pdfTeX warning (ext4): destination with the same identifier (name{page.1}) has 
been already used, duplicate ignored
<to be read again> 
                   \relax 
l.39 \end{figure}
                  [1



 <./figures/lipid.pdf>]
<figures/various_phases.pdf, id=956, 1045.09097pt x 294.81645pt>
File: figures/various_phases.pdf Graphic file (type pdf)

<use figures/various_phases.pdf>
Package pdftex.def Info: figures/various_phases.pdf used on input line 43.
(pdftex.def)             Requested size: 390.25534pt x 110.08804pt.
pdfTeX warning (ext4): destination with the same identifier (name{page.2}) has 
been already used, duplicate ignored
<to be read again> 
                   \relax 
l.61 
      [2 <./figures/smith_phase_diagram.pdf> <./figures/various_phases.pdf

pdfTeX warning: pdflatex (file ./figures/various_phases.pdf): PDF inclusion: mu
ltiple pdfs with page group included in a single page
>] <figures/gel_phase_packing.pdf, id=980, 775.56487pt x 219.44844pt>
File: figures/gel_phase_packing.pdf Graphic file (type pdf)

<use figures/gel_phase_packing.pdf>
Package pdftex.def Info: figures/gel_phase_packing.pdf used on input line 64.
(pdftex.def)             Requested size: 390.25534pt x 110.42378pt.

<figures/lipid_structure.pdf, id=981, 487.33891pt x 380.7317pt>
File: figures/lipid_structure.pdf Graphic file (type pdf)

<use figures/lipid_structure.pdf>
Package pdftex.def Info: figures/lipid_structure.pdf used on input line 97.
(pdftex.def)             Requested size: 303.53267pt x 237.14339pt.
pdfTeX warning (ext4): destination with the same identifier (name{page.3}) has 
been already used, duplicate ignored
<to be read again> 
                   \relax 
l.120 
       [3 <./figures/gel_phase_packing.pdf>]pdfTeX warning (ext4): destination 
with the same identifier (name{page.4}) has been already used, duplicate ignore
d
<to be read again> 
                   \relax 
l.120 
       [4 <./figures/lipid_structure.pdf>]
<figures/HIV_lifecycle.pdf, id=1015, 1596.36403pt x 1411.67403pt>
File: figures/HIV_lifecycle.pdf Graphic file (type pdf)

<use figures/HIV_lifecycle.pdf>
Package pdftex.def Info: figures/HIV_lifecycle.pdf used on input line 146.
(pdftex.def)             Requested size: 433.62pt x 383.44037pt.


Package hyperref Warning: Token not allowed in a PDF string (PDFDocEncoding):
(hyperref)                removing `math shift' on input line 152.


Package hyperref Warning: Token not allowed in a PDF string (PDFDocEncoding):
(hyperref)                removing `subscript' on input line 152.


Package hyperref Warning: Token not allowed in a PDF string (PDFDocEncoding):
(hyperref)                removing `\beta' on input line 152.


Package hyperref Warning: Token not allowed in a PDF string (PDFDocEncoding):
(hyperref)                removing `math shift' on input line 152.

[5] [6 <./figures/HIV_lifecycle.pdf>]
<figures/ripple_cartoon.pdf, id=1056, 381.0667pt x 139.26024pt>
File: figures/ripple_cartoon.pdf Graphic file (type pdf)

<use figures/ripple_cartoon.pdf>
Package pdftex.def Info: figures/ripple_cartoon.pdf used on input line 180.
(pdftex.def)             Requested size: 303.53267pt x 110.92596pt.
) [7 <./figures/ripple_cartoon.pdf>]
\openout2 = `chap_02.aux'.


(./chap_02.tex
Chapter 2.
Missing character: There is no â in font cmr12!
Missing character: There is no € in font cmr12!
Missing character: There is no ™ in font cmr12!
Missing character: There is no â in font cmr12!
Missing character: There is no € in font cmr12!
Missing character: There is no ™ in font cmr12!

Underfull \vbox (badness 4205) has occurred while \output is active []

 [8



]
Underfull \vbox (badness 10000) has occurred while \output is active []

 [9]
Missing character: There is no â in font cmr12!
Missing character: There is no € in font cmr12!
Missing character: There is no ™ in font cmr12!

Overfull \hbox (0.39786pt too wide) in paragraph at lines 141--160
\OT1/cmr/m/n/12 (Y$[]$GRKKRRQRRR$[]$) across DOPC at var-i-ous lipid:peptide mo
-lar ra-tios [[]13[]]. Their
 []


Underfull \vbox (badness 7595) has occurred while \output is active []

 [10]
[11]
Underfull \vbox (badness 10000) has occurred while \output is active []

 [12]
[13] [14]
<figures/Tat/MMs/chamber_geometry.pdf, id=1175, 696.99814pt x 450.17027pt>
File: figures/Tat/MMs/chamber_geometry.pdf Graphic file (type pdf)

<use figures/Tat/MMs/chamber_geometry.pdf>
Package pdftex.def Info: figures/Tat/MMs/chamber_geometry.pdf used on input lin
e 317.
(pdftex.def)             Requested size: 390.25534pt x 252.05928pt.
 [15 <./figures/Tat/MMs/chamber_geometry.pdf>]
<figures/Tat/NFIT_results/dopcdope1to1.pdf, id=1192, 430.40799pt x 654.445pt>
File: figures/Tat/NFIT_results/dopcdope1to1.pdf Graphic file (type pdf)

<use figures/Tat/NFIT_results/dopcdope1to1.pdf>
Package pdftex.def Info: figures/Tat/NFIT_results/dopcdope1to1.pdf used on inpu
t line 348.
(pdftex.def)             Requested size: 216.81pt x 329.65828pt.

Overfull \hbox (15.10591pt too wide) in paragraph at lines 359--370
[]\OT1/cmr/m/n/12 The ab-so-lute form fac-tor $\OMS/cmsy/m/n/12 j\OML/cmm/m/it/
12 F\OT1/cmr/m/n/12 (\OML/cmm/m/it/12 q[]\OT1/cmr/m/n/12 )\OMS/cmsy/m/n/12 j$ \
OT1/cmr/m/n/12 is ob-tained through the re-la-tion $\OML/cmm/m/it/12 I\OT1/cmr/
m/n/12 (\OT1/cmr/bx/n/12 q\OT1/cmr/m/n/12 ) = \OML/cmm/m/it/12 S\OT1/cmr/m/n/12
 (\OT1/cmr/bx/n/12 q\OT1/cmr/m/n/12 )\OMS/cmsy/m/n/12 j\OML/cmm/m/it/12 F\OT1/c
mr/m/n/12 (\OML/cmm/m/it/12 q[]\OT1/cmr/m/n/12 )\OMS/cmsy/m/n/12 j[]$\OT1/cmr/m
/n/12 ,
 []

[16 <./figures/Tat/NFIT_results/dopcdope1to1.pdf>]
<figures/Tat/MMs/stack.pdf, id=1219, 387.50024pt x 262.51971pt>
File: figures/Tat/MMs/stack.pdf Graphic file (type pdf)

<use figures/Tat/MMs/stack.pdf>
Package pdftex.def Info: figures/Tat/MMs/stack.pdf used on input line 393.
(pdftex.def)             Requested size: 216.81pt x 146.88585pt.
 [17 <./figures/Tat/MMs/stack.pdf>]
<figures/Tat/MMs/dopc_schematic.pdf, id=1235, 570.74644pt x 556.81714pt>
File: figures/Tat/MMs/dopc_schematic.pdf Graphic file (type pdf)

<use figures/Tat/MMs/dopc_schematic.pdf>
Package pdftex.def Info: figures/Tat/MMs/dopc_schematic.pdf used on input line 
587.
(pdftex.def)             Requested size: 390.25534pt x 380.74622pt.

<figures/Tat/SDP_Results/EDP/DOPC_Tat_model_EDP.pdf, id=1237, 770.88pt x 587.19
376pt>
File: figures/Tat/SDP_Results/EDP/DOPC_Tat_model_EDP.pdf Graphic file (type pdf
)
 <use figures/Tat/SDP_Results/EDP/DOPC_Tat_model_EDP.pdf>
Package pdftex.def Info: figures/Tat/SDP_Results/EDP/DOPC_Tat_model_EDP.pdf use
d on input line 618.
(pdftex.def)             Requested size: 390.25534pt x 297.26073pt.
 [18] [19 <./figures/Tat/MMs/dopc_schematic.pdf>] [20 <./figures/Tat/SDP_Result
s/EDP/DOPC_Tat_model_EDP.pdf>]
Underfull \vbox (badness 10000) has occurred while \output is active []

 [21]
Underfull \vbox (badness 10000) has occurred while \output is active []

 [22]
[23] [24]
Underfull \vbox (badness 10000) has occurred while \output is active []

 [25]
[26]
Overfull \hbox (19.57385pt too wide) in paragraph at lines 933--933
[]\OT1/cmr/bx/n/17.28 Analysis of Molec-u-lar Dy-nam-ics Sim-u-la-tion Data 
 []

[27] <./figures/Tat/MMs/cylinder_model.pdf, id=1386, 507.3718pt x 255.63808pt>
File: ./figures/Tat/MMs/cylinder_model.pdf Graphic file (type pdf)

<use ./figures/Tat/MMs/cylinder_model.pdf>
Package pdftex.def Info: ./figures/Tat/MMs/cylinder_model.pdf used on input lin
e 997.
(pdftex.def)             Requested size: 355.15782pt x 178.94542pt.


LaTeX Warning: Reference `sec:sim_results' on page 28 undefined on input line 1
013.

[28 <./figures/Tat/MMs/cylinder_model.pdf>] [29]
<./figures/Tat/MMs/linear_model.pdf, id=1460, 555.66415pt x 317.4181pt>
File: ./figures/Tat/MMs/linear_model.pdf Graphic file (type pdf)

<use ./figures/Tat/MMs/linear_model.pdf>
Package pdftex.def Info: ./figures/Tat/MMs/linear_model.pdf used on input line 
1075.
(pdftex.def)             Requested size: 303.53267pt x 173.389pt.

Underfull \vbox (badness 10000) has occurred while \output is active []

 [30 <./figures/Tat/MMs/linear_model.pdf>] [31]
<figures/Tat/NFIT_results/Kc.pdf, id=1494, 361.35pt x 303.1325pt>
File: figures/Tat/NFIT_results/Kc.pdf Graphic file (type pdf)

<use figures/Tat/NFIT_results/Kc.pdf>
Package pdftex.def Info: figures/Tat/NFIT_results/Kc.pdf used on input line 114
7.
(pdftex.def)             Requested size: 346.89731pt x 291.00851pt.
 [32 <./figures/Tat/NFIT_results/Kc.pdf>]
<figures/Tat/NFIT_results/three_form_factors.pdf, id=1513, 361.35pt x 304.13625
pt>
File: figures/Tat/NFIT_results/three_form_factors.pdf Graphic file (type pdf)
 <use figures/Tat/NFIT_results/three_form_factors.pdf>
Package pdftex.def Info: figures/Tat/NFIT_results/three_form_factors.pdf used o
n input line 1178.
(pdftex.def)             Requested size: 260.17464pt x 218.98256pt.

<figures/Tat/NFIT_results/standard_deviation.pdf, id=1514, 361.35pt x 299.1175p
t>
File: figures/Tat/NFIT_results/standard_deviation.pdf Graphic file (type pdf)
 <use figures/Tat/NFIT_results/standard_deviation.pdf>
Package pdftex.def Info: figures/Tat/NFIT_results/standard_deviation.pdf used o
n input line 1179.
(pdftex.def)             Requested size: 260.17464pt x 215.36899pt.

<figures/Tat/NFIT_results/DOPC_form_factors.pdf, id=1515, 361.35pt x 310.15875p
t>
File: figures/Tat/NFIT_results/DOPC_form_factors.pdf Graphic file (type pdf)
 <use figures/Tat/NFIT_results/DOPC_form_factors.pdf>
Package pdftex.def Info: figures/Tat/NFIT_results/DOPC_form_factors.pdf used on
 input line 1191.
(pdftex.def)             Requested size: 433.62pt x 372.19336pt.

<figures/Tat/NFIT_results/DOPCDOPE3to1_form_factors.pdf, id=1516, 361.35pt x 31
1.1625pt>
File: figures/Tat/NFIT_results/DOPCDOPE3to1_form_factors.pdf Graphic file (type
 pdf)
 <use figures/Tat/NFIT_results/DOPCDOPE3to1_form_factors.pdf>
Package pdftex.def Info: figures/Tat/NFIT_results/DOPCDOPE3to1_form_factors.pdf
 used on input line 1203.
(pdftex.def)             Requested size: 433.62pt x 373.39789pt.

<figures/Tat/NFIT_results/DOPCDOPE1to1_form_factors.pdf, id=1519, 361.35pt x 31
2.16624pt>
File: figures/Tat/NFIT_results/DOPCDOPE1to1_form_factors.pdf Graphic file (type
 pdf)
 <use figures/Tat/NFIT_results/DOPCDOPE1to1_form_factors.pdf>
Package pdftex.def Info: figures/Tat/NFIT_results/DOPCDOPE1to1_form_factors.pdf
 used on input line 1211.
(pdftex.def)             Requested size: 433.62pt x 374.60239pt.

<figures/Tat/NFIT_results/DOPCDOPS3to1_form_factors.pdf, id=1522, 361.35pt x 68
1.54625pt>
File: figures/Tat/NFIT_results/DOPCDOPS3to1_form_factors.pdf Graphic file (type
 pdf)
 <use figures/Tat/NFIT_results/DOPCDOPS3to1_form_factors.pdf>
Package pdftex.def Info: figures/Tat/NFIT_results/DOPCDOPS3to1_form_factors.pdf
 used on input line 1219.
(pdftex.def)             Requested size: 130.08731pt x 245.35646pt.

<figures/Tat/NFIT_results/nuclear_form_factors.pdf, id=1523, 361.35pt x 703.628
75pt>
File: figures/Tat/NFIT_results/nuclear_form_factors.pdf Graphic file (type pdf)

 <use figures/Tat/NFIT_results/nuclear_form_factors.pdf>
Package pdftex.def Info: figures/Tat/NFIT_results/nuclear_form_factors.pdf used
 on input line 1221.
(pdftex.def)             Requested size: 130.08731pt x 253.30615pt.
 [33] [34 <./figures/Tat/NFIT_results/three_form_factors.pdf> <./figures/Tat/NF
IT_results/standard_deviation.pdf>] [35 <./figures/Tat/NFIT_results/DOPC_form_f
actors.pdf>]
[36 <./figures/Tat/NFIT_results/DOPCDOPE3to1_form_factors.pdf>] [37 <./figures/
Tat/NFIT_results/DOPCDOPE1to1_form_factors.pdf>] [38 <./figures/Tat/NFIT_result
s/DOPCDOPS3to1_form_factors.pdf> <./figures/Tat/NFIT_results/nuclear_form_facto
rs.pdf>] [39]
<figures/Tat/SDP_Results/XFF/DOPC_XFF1.pdf, id=1658, 771.88374pt x 577.15625pt>
File: figures/Tat/SDP_Results/XFF/DOPC_XFF1.pdf Graphic file (type pdf)
<use figures/Tat/SDP_Results/XFF/DOPC_XFF1.pdf>
Package pdftex.def Info: figures/Tat/SDP_Results/XFF/DOPC_XFF1.pdf used on inpu
t line 1359.
(pdftex.def)             Requested size: 195.12767pt x 145.90033pt.

<figures/Tat/SDP_Results/EDP/DOPC_EDP1.pdf, id=1659, 827.09pt x 578.16pt>
File: figures/Tat/SDP_Results/EDP/DOPC_EDP1.pdf Graphic file (type pdf)

<use figures/Tat/SDP_Results/EDP/DOPC_EDP1.pdf>
Package pdftex.def Info: figures/Tat/SDP_Results/EDP/DOPC_EDP1.pdf used on inpu
t line 1360.
(pdftex.def)             Requested size: 195.12767pt x 136.39693pt.

<figures/Tat/SDP_Results/XFF/DOPC_Tat_62to1_3p0_XFF1.pdf, id=1660, 771.88374pt 
x 577.15625pt>
File: figures/Tat/SDP_Results/XFF/DOPC_Tat_62to1_3p0_XFF1.pdf Graphic file (typ
e pdf)
 <use figures/Tat/SDP_Results/XFF/DOPC_Tat_62to1_3p0_XFF1.pdf>
Package pdftex.def Info: figures/Tat/SDP_Results/XFF/DOPC_Tat_62to1_3p0_XFF1.pd
f used on input line 1361.
(pdftex.def)             Requested size: 195.12767pt x 145.90033pt.

<figures/Tat/SDP_Results/EDP/DOPC_Tat_62to1_3p0_EDP1.pdf, id=1661, 827.09pt x 5
80.1675pt>
File: figures/Tat/SDP_Results/EDP/DOPC_Tat_62to1_3p0_EDP1.pdf Graphic file (typ
e pdf)
 <use figures/Tat/SDP_Results/EDP/DOPC_Tat_62to1_3p0_EDP1.pdf>
Package pdftex.def Info: figures/Tat/SDP_Results/EDP/DOPC_Tat_62to1_3p0_EDP1.pd
f used on input line 1362.
(pdftex.def)             Requested size: 195.12767pt x 136.87053pt.

<figures/Tat/SDP_Results/XFF/DOPC_Tat_28to1_3p0_XFF1.pdf, id=1662, 771.88374pt 
x 577.15625pt>
File: figures/Tat/SDP_Results/XFF/DOPC_Tat_28to1_3p0_XFF1.pdf Graphic file (typ
e pdf)
 <use figures/Tat/SDP_Results/XFF/DOPC_Tat_28to1_3p0_XFF1.pdf>
Package pdftex.def Info: figures/Tat/SDP_Results/XFF/DOPC_Tat_28to1_3p0_XFF1.pd
f used on input line 1363.
(pdftex.def)             Requested size: 195.12767pt x 145.90033pt.

<figures/Tat/SDP_Results/EDP/DOPC_Tat_28to1_3p0_EDP1.pdf, id=1663, 827.09pt x 5
82.175pt>
File: figures/Tat/SDP_Results/EDP/DOPC_Tat_28to1_3p0_EDP1.pdf Graphic file (typ
e pdf)
 <use figures/Tat/SDP_Results/EDP/DOPC_Tat_28to1_3p0_EDP1.pdf>
Package pdftex.def Info: figures/Tat/SDP_Results/EDP/DOPC_Tat_28to1_3p0_EDP1.pd
f used on input line 1364.
(pdftex.def)             Requested size: 195.12767pt x 137.34413pt.

<figures/Tat/SDP_Results/XFF/DOPC_Tat_16to1_3p0_XFF1.pdf, id=1664, 771.88374pt 
x 577.15625pt>
File: figures/Tat/SDP_Results/XFF/DOPC_Tat_16to1_3p0_XFF1.pdf Graphic file (typ
e pdf)
 <use figures/Tat/SDP_Results/XFF/DOPC_Tat_16to1_3p0_XFF1.pdf>
Package pdftex.def Info: figures/Tat/SDP_Results/XFF/DOPC_Tat_16to1_3p0_XFF1.pd
f used on input line 1365.
(pdftex.def)             Requested size: 195.12767pt x 145.90033pt.

<figures/Tat/SDP_Results/EDP/DOPC_Tat_16to1_3p0_EDP1.pdf, id=1665, 827.09pt x 5
82.175pt>
File: figures/Tat/SDP_Results/EDP/DOPC_Tat_16to1_3p0_EDP1.pdf Graphic file (typ
e pdf)
 <use figures/Tat/SDP_Results/EDP/DOPC_Tat_16to1_3p0_EDP1.pdf>
Package pdftex.def Info: figures/Tat/SDP_Results/EDP/DOPC_Tat_16to1_3p0_EDP1.pd
f used on input line 1366.
(pdftex.def)             Requested size: 195.12767pt x 137.34413pt.


LaTeX Warning: Float too large for page by 54.8063pt on input line 1374.

[40]
<figures/Tat/SDP_Results/EDP/DOPC_Tat_62to1_EDP.pdf, id=1673, 827.09pt x 651.43
375pt>
File: figures/Tat/SDP_Results/EDP/DOPC_Tat_62to1_EDP.pdf Graphic file (type pdf
)
 <use figures/Tat/SDP_Results/EDP/DOPC_Tat_62to1_EDP.pdf>
Package pdftex.def Info: figures/Tat/SDP_Results/EDP/DOPC_Tat_62to1_EDP.pdf use
d on input line 1396.
(pdftex.def)             Requested size: 216.81pt x 170.76038pt.

<figures/Tat/SDP_Results/EDP/DOPC_Tat_28to1_EDP.pdf, id=1674, 827.09pt x 651.43
375pt>
File: figures/Tat/SDP_Results/EDP/DOPC_Tat_28to1_EDP.pdf Graphic file (type pdf
)
 <use figures/Tat/SDP_Results/EDP/DOPC_Tat_28to1_EDP.pdf>
Package pdftex.def Info: figures/Tat/SDP_Results/EDP/DOPC_Tat_28to1_EDP.pdf use
d on input line 1397.
(pdftex.def)             Requested size: 216.81pt x 170.76038pt.

<figures/Tat/SDP_Results/EDP/DOPC_Tat_16to1_EDP.pdf, id=1675, 827.09pt x 647.41
875pt>
File: figures/Tat/SDP_Results/EDP/DOPC_Tat_16to1_EDP.pdf Graphic file (type pdf
)
 <use figures/Tat/SDP_Results/EDP/DOPC_Tat_16to1_EDP.pdf>
Package pdftex.def Info: figures/Tat/SDP_Results/EDP/DOPC_Tat_16to1_EDP.pdf use
d on input line 1398.
(pdftex.def)             Requested size: 216.81pt x 169.70793pt.

Underfull \vbox (badness 7595) has occurred while \output is active []

 [41]
[42 <./figures/Tat/SDP_Results/XFF/DOPC_XFF1.pdf> <./figures/Tat/SDP_Results/ED
P/DOPC_EDP1.pdf> <./figures/Tat/SDP_Results/XFF/DOPC_Tat_62to1_3p0_XFF1.pdf> <.
/figures/Tat/SDP_Results/EDP/DOPC_Tat_62to1_3p0_EDP1.pdf> <./figures/Tat/SDP_Re
sults/XFF/DOPC_Tat_28to1_3p0_XFF1.pdf> <./figures/Tat/SDP_Results/EDP/DOPC_Tat_
28to1_3p0_EDP1.pdf> <./figures/Tat/SDP_Results/XFF/DOPC_Tat_16to1_3p0_XFF1.pdf>
 <./figures/Tat/SDP_Results/EDP/DOPC_Tat_16to1_3p0_EDP1.pdf>] [43 <./figures/Ta
t/SDP_Results/EDP/DOPC_Tat_62to1_EDP.pdf> <./figures/Tat/SDP_Results/EDP/DOPC_T
at_28to1_EDP.pdf> <./figures/Tat/SDP_Results/EDP/DOPC_Tat_16to1_EDP.pdf>]
<figures/Tat/SDP_Results/EDP/DOPC_Tat_total_EDP.pdf, id=1865, 827.09pt x 630.35
5pt>
File: figures/Tat/SDP_Results/EDP/DOPC_Tat_total_EDP.pdf Graphic file (type pdf
)
 <use figures/Tat/SDP_Results/EDP/DOPC_Tat_total_EDP.pdf>
Package pdftex.def Info: figures/Tat/SDP_Results/EDP/DOPC_Tat_total_EDP.pdf use
d on input line 1445.
(pdftex.def)             Requested size: 303.53267pt x 231.33286pt.

<figures/Tat/SDP_Results/EDP/DOPC_Tat_total_EDP_diff.pdf, id=1866, 826.08624pt 
x 608.2725pt>
File: figures/Tat/SDP_Results/EDP/DOPC_Tat_total_EDP_diff.pdf Graphic file (typ
e pdf)
 <use figures/Tat/SDP_Results/EDP/DOPC_Tat_total_EDP_diff.pdf>
Package pdftex.def Info: figures/Tat/SDP_Results/EDP/DOPC_Tat_total_EDP_diff.pd
f used on input line 1454.
(pdftex.def)             Requested size: 303.53267pt x 223.49802pt.

<figures/Tat/SDP_Results/EDP/DOPCDOPE3to1_Tat_total_EDP.pdf, id=1873, 827.09pt 
x 637.38126pt>
File: figures/Tat/SDP_Results/EDP/DOPCDOPE3to1_Tat_total_EDP.pdf Graphic file (
type pdf)

<use figures/Tat/SDP_Results/EDP/DOPCDOPE3to1_Tat_total_EDP.pdf>
Package pdftex.def Info: figures/Tat/SDP_Results/EDP/DOPCDOPE3to1_Tat_total_EDP
.pdf used on input line 1523.
(pdftex.def)             Requested size: 195.12767pt x 150.36815pt.

<figures/Tat/SDP_Results/EDP/DOPCDOPE1to1_Tat_total_EDP.pdf, id=1874, 827.09pt 
x 637.38126pt>
File: figures/Tat/SDP_Results/EDP/DOPCDOPE1to1_Tat_total_EDP.pdf Graphic file (
type pdf)

<use figures/Tat/SDP_Results/EDP/DOPCDOPE1to1_Tat_total_EDP.pdf>
Package pdftex.def Info: figures/Tat/SDP_Results/EDP/DOPCDOPE1to1_Tat_total_EDP
.pdf used on input line 1525.
(pdftex.def)             Requested size: 195.12767pt x 150.36815pt.
Missing character: There is no â in font cmr12!
Missing character: There is no € in font cmr12!
Missing character: There is no ™ in font cmr12!
 [44 <./figures/Tat/SDP_Results/EDP/DOPC_Tat_total_EDP.pdf>] [45 <./figures/Tat
/SDP_Results/EDP/DOPC_Tat_total_EDP_diff.pdf>] [46 <./figures/Tat/SDP_Results/E
DP/DOPCDOPE3to1_Tat_total_EDP.pdf> <./figures/Tat/SDP_Results/EDP/DOPCDOPE1to1_
Tat_total_EDP.pdf>] <figures/Tat/SDP_Results/DHH.pdf, id=1960, 827.09pt x 681.5
4625pt>
File: figures/Tat/SDP_Results/DHH.pdf Graphic file (type pdf)

<use figures/Tat/SDP_Results/DHH.pdf>
Package pdftex.def Info: figures/Tat/SDP_Results/DHH.pdf used on input line 155
6.
(pdftex.def)             Requested size: 195.12767pt x 160.78735pt.

<figures/Tat/SDP_Results/DPP.pdf, id=1961, 827.09pt x 681.54625pt>
File: figures/Tat/SDP_Results/DPP.pdf Graphic file (type pdf)

<use figures/Tat/SDP_Results/DPP.pdf>
Package pdftex.def Info: figures/Tat/SDP_Results/DPP.pdf used on input line 155
8.
(pdftex.def)             Requested size: 195.12767pt x 160.78735pt.

<figures/Tat/SDP_Results/DPP2.pdf, id=1962, 827.09pt x 682.55pt>
File: figures/Tat/SDP_Results/DPP2.pdf Graphic file (type pdf)

<use figures/Tat/SDP_Results/DPP2.pdf>
Package pdftex.def Info: figures/Tat/SDP_Results/DPP2.pdf used on input line 15
70.
(pdftex.def)             Requested size: 195.12767pt x 161.02415pt.

<figures/Tat/SDP_Results/2zTat.pdf, id=1963, 827.09pt x 682.55pt>
File: figures/Tat/SDP_Results/2zTat.pdf Graphic file (type pdf)

<use figures/Tat/SDP_Results/2zTat.pdf>
Package pdftex.def Info: figures/Tat/SDP_Results/2zTat.pdf used on input line 1
572.
(pdftex.def)             Requested size: 195.12767pt x 161.02415pt.

<figures/Tat/SDP_Results/AL.pdf, id=1966, 827.09pt x 696.6025pt>
File: figures/Tat/SDP_Results/AL.pdf Graphic file (type pdf)

<use figures/Tat/SDP_Results/AL.pdf>
Package pdftex.def Info: figures/Tat/SDP_Results/AL.pdf used on input line 1586
.
(pdftex.def)             Requested size: 212.47617pt x 178.95464pt.
 [47 <./figures/Tat/SDP_Results/DHH.pdf> <./figures/Tat/SDP_Results/DPP.pdf>] [
48 <./figures/Tat/SDP_Results/DPP2.pdf> <./figures/Tat/SDP_Results/2zTat.pdf> <
./figures/Tat/SDP_Results/AL.pdf>]
<figures/Tat/SDP_Results/X2/DOPC_Tat_62to1_3p0_X2.pdf, id=2045, 828.09375pt x 6
19.31375pt>
File: figures/Tat/SDP_Results/X2/DOPC_Tat_62to1_3p0_X2.pdf Graphic file (type p
df)
 <use figures/Tat/SDP_Results/X2/DOPC_Tat_62to1_3p0_X2.pdf>
Package pdftex.def Info: figures/Tat/SDP_Results/X2/DOPC_Tat_62to1_3p0_X2.pdf u
sed on input line 1621.
(pdftex.def)             Requested size: 130.08731pt x 97.28728pt.

<figures/Tat/SDP_Results/X2/DOPCDOPE3to1_Tat_62to1_3p0_X2.pdf, id=2046, 828.093
75pt x 662.475pt>
File: figures/Tat/SDP_Results/X2/DOPCDOPE3to1_Tat_62to1_3p0_X2.pdf Graphic file
 (type pdf)

<use figures/Tat/SDP_Results/X2/DOPCDOPE3to1_Tat_62to1_3p0_X2.pdf>
Package pdftex.def Info: figures/Tat/SDP_Results/X2/DOPCDOPE3to1_Tat_62to1_3p0_
X2.pdf used on input line 1622.
(pdftex.def)             Requested size: 130.08731pt x 104.06743pt.

<figures/Tat/SDP_Results/X2/DOPCDOPE1to1_Tat_62to1_3p0_X2.pdf, id=2047, 828.093
75pt x 652.4375pt>
File: figures/Tat/SDP_Results/X2/DOPCDOPE1to1_Tat_62to1_3p0_X2.pdf Graphic file
 (type pdf)

<use figures/Tat/SDP_Results/X2/DOPCDOPE1to1_Tat_62to1_3p0_X2.pdf>
Package pdftex.def Info: figures/Tat/SDP_Results/X2/DOPCDOPE1to1_Tat_62to1_3p0_
X2.pdf used on input line 1623.
(pdftex.def)             Requested size: 130.08731pt x 102.49065pt.

<figures/Tat/SDP_Results/X2/DOPC_Tat_28to1_3p0_X2.pdf, id=2048, 828.09375pt x 6
19.31375pt>
File: figures/Tat/SDP_Results/X2/DOPC_Tat_28to1_3p0_X2.pdf Graphic file (type p
df)
 <use figures/Tat/SDP_Results/X2/DOPC_Tat_28to1_3p0_X2.pdf>
Package pdftex.def Info: figures/Tat/SDP_Results/X2/DOPC_Tat_28to1_3p0_X2.pdf u
sed on input line 1624.
(pdftex.def)             Requested size: 130.08731pt x 97.28728pt.

<figures/Tat/SDP_Results/X2/DOPCDOPE3to1_Tat_28to1_3p0_X2.pdf, id=2049, 828.093
75pt x 668.4975pt>
File: figures/Tat/SDP_Results/X2/DOPCDOPE3to1_Tat_28to1_3p0_X2.pdf Graphic file
 (type pdf)

<use figures/Tat/SDP_Results/X2/DOPCDOPE3to1_Tat_28to1_3p0_X2.pdf>
Package pdftex.def Info: figures/Tat/SDP_Results/X2/DOPCDOPE3to1_Tat_28to1_3p0_
X2.pdf used on input line 1625.
(pdftex.def)             Requested size: 130.08731pt x 105.01349pt.

<figures/Tat/SDP_Results/X2/DOPCDOPE1to1_Tat_28to1_3p0_X2.pdf, id=2050, 828.093
75pt x 678.535pt>
File: figures/Tat/SDP_Results/X2/DOPCDOPE1to1_Tat_28to1_3p0_X2.pdf Graphic file
 (type pdf)

<use figures/Tat/SDP_Results/X2/DOPCDOPE1to1_Tat_28to1_3p0_X2.pdf>
Package pdftex.def Info: figures/Tat/SDP_Results/X2/DOPCDOPE1to1_Tat_28to1_3p0_
X2.pdf used on input line 1626.
(pdftex.def)             Requested size: 130.08731pt x 106.59027pt.

<figures/Tat/SDP_Results/X2/DOPC_Tat_16to1_3p0_X2.pdf, id=2051, 828.09375pt x 6
19.31375pt>
File: figures/Tat/SDP_Results/X2/DOPC_Tat_16to1_3p0_X2.pdf Graphic file (type p
df)
 <use figures/Tat/SDP_Results/X2/DOPC_Tat_16to1_3p0_X2.pdf>
Package pdftex.def Info: figures/Tat/SDP_Results/X2/DOPC_Tat_16to1_3p0_X2.pdf u
sed on input line 1627.
(pdftex.def)             Requested size: 130.08731pt x 97.28728pt.

<figures/Tat/SDP_Results/X2/DOPCDOPE3to1_Tat_16to1_3p0_X2.pdf, id=2052, 828.093
75pt x 652.4375pt>
File: figures/Tat/SDP_Results/X2/DOPCDOPE3to1_Tat_16to1_3p0_X2.pdf Graphic file
 (type pdf)

<use figures/Tat/SDP_Results/X2/DOPCDOPE3to1_Tat_16to1_3p0_X2.pdf>
Package pdftex.def Info: figures/Tat/SDP_Results/X2/DOPCDOPE3to1_Tat_16to1_3p0_
X2.pdf used on input line 1628.
(pdftex.def)             Requested size: 130.08731pt x 102.49065pt.

<figures/Tat/SDP_Results/X2/DOPCDOPE1to1_Tat_16to1_3p0_X2.pdf, id=2053, 828.093
75pt x 662.475pt>
File: figures/Tat/SDP_Results/X2/DOPCDOPE1to1_Tat_16to1_3p0_X2.pdf Graphic file
 (type pdf)

<use figures/Tat/SDP_Results/X2/DOPCDOPE1to1_Tat_16to1_3p0_X2.pdf>
Package pdftex.def Info: figures/Tat/SDP_Results/X2/DOPCDOPE1to1_Tat_16to1_3p0_
X2.pdf used on input line 1629.
(pdftex.def)             Requested size: 130.08731pt x 104.06743pt.

Underfull \hbox (badness 1163) in paragraph at lines 1633--1633
[]\OT1/cmr/m/n/12 Figure 2.22: |$\OML/cmm/m/it/12 ^^_[]$ \OT1/cmr/m/n/12 as a f
unc-tion of $\OML/cmm/m/it/12 z[]$ \OT1/cmr/m/n/12 for DOPC, DOPC:DOPE (3:1), a
nd
 []

[49 <./figures/Tat/SDP_Results/X2/DOPC_Tat_62to1_3p0_X2.pdf> <./figures/Tat/SDP
_Results/X2/DOPCDOPE3to1_Tat_62to1_3p0_X2.pdf> <./figures/Tat/SDP_Results/X2/DO
PCDOPE1to1_Tat_62to1_3p0_X2.pdf> <./figures/Tat/SDP_Results/X2/DOPC_Tat_28to1_3
p0_X2.pdf> <./figures/Tat/SDP_Results/X2/DOPCDOPE3to1_Tat_28to1_3p0_X2.pdf> <./
figures/Tat/SDP_Results/X2/DOPCDOPE1to1_Tat_28to1_3p0_X2.pdf> <./figures/Tat/SD
P_Results/X2/DOPC_Tat_16to1_3p0_X2.pdf> <./figures/Tat/SDP_Results/X2/DOPCDOPE3
to1_Tat_16to1_3p0_X2.pdf> <./figures/Tat/SDP_Results/X2/DOPCDOPE1to1_Tat_16to1_
3p0_X2.pdf>]
<figures/Tat/SDP_Results/zTat_bound.pdf, id=2216, 827.09pt x 686.565pt>
File: figures/Tat/SDP_Results/zTat_bound.pdf Graphic file (type pdf)

<use figures/Tat/SDP_Results/zTat_bound.pdf>
Package pdftex.def Info: figures/Tat/SDP_Results/zTat_bound.pdf used on input l
ine 1690.
(pdftex.def)             Requested size: 195.12767pt x 161.97136pt.

<figures/Tat/SDP_Results/XFF/DOPCDOPE3to1_XFF1.pdf, id=2217, 771.88374pt x 577.
15625pt>
File: figures/Tat/SDP_Results/XFF/DOPCDOPE3to1_XFF1.pdf Graphic file (type pdf)

 <use figures/Tat/SDP_Results/XFF/DOPCDOPE3to1_XFF1.pdf>
Package pdftex.def Info: figures/Tat/SDP_Results/XFF/DOPCDOPE3to1_XFF1.pdf used
 on input line 1704.
(pdftex.def)             Requested size: 195.12767pt x 145.90033pt.

<./figures/Tat/SDP_Results/EDP/DOPCDOPE3to1_EDP1.pdf, id=2218, 771.88374pt x 57
7.15625pt>
File: ./figures/Tat/SDP_Results/EDP/DOPCDOPE3to1_EDP1.pdf Graphic file (type pd
f)
 <use ./figures/Tat/SDP_Results/EDP/DOPCDOPE3to1_EDP1.pdf>
Package pdftex.def Info: ./figures/Tat/SDP_Results/EDP/DOPCDOPE3to1_EDP1.pdf us
ed on input line 1705.
(pdftex.def)             Requested size: 195.12767pt x 145.90033pt.

<figures/Tat/SDP_Results/XFF/DOPCDOPE3to1_Tat_62to1_3p0_XFF1.pdf, id=2219, 771.
88374pt x 577.15625pt>
File: figures/Tat/SDP_Results/XFF/DOPCDOPE3to1_Tat_62to1_3p0_XFF1.pdf Graphic f
ile (type pdf)

<use figures/Tat/SDP_Results/XFF/DOPCDOPE3to1_Tat_62to1_3p0_XFF1.pdf>
Package pdftex.def Info: figures/Tat/SDP_Results/XFF/DOPCDOPE3to1_Tat_62to1_3p0
_XFF1.pdf used on input line 1706.
(pdftex.def)             Requested size: 195.12767pt x 145.90033pt.

<./figures/Tat/SDP_Results/EDP/DOPCDOPE3to1_Tat_62to1_3p0_EDP1.pdf, id=2220, 77
1.88374pt x 577.15625pt>
File: ./figures/Tat/SDP_Results/EDP/DOPCDOPE3to1_Tat_62to1_3p0_EDP1.pdf Graphic
 file (type pdf)

<use ./figures/Tat/SDP_Results/EDP/DOPCDOPE3to1_Tat_62to1_3p0_EDP1.pdf>
Package pdftex.def Info: ./figures/Tat/SDP_Results/EDP/DOPCDOPE3to1_Tat_62to1_3
p0_EDP1.pdf used on input line 1707.
(pdftex.def)             Requested size: 195.12767pt x 145.90033pt.

<figures/Tat/SDP_Results/XFF/DOPCDOPE3to1_Tat_28to1_3p0_XFF1.pdf, id=2221, 771.
88374pt x 577.15625pt>
File: figures/Tat/SDP_Results/XFF/DOPCDOPE3to1_Tat_28to1_3p0_XFF1.pdf Graphic f
ile (type pdf)

<use figures/Tat/SDP_Results/XFF/DOPCDOPE3to1_Tat_28to1_3p0_XFF1.pdf>
Package pdftex.def Info: figures/Tat/SDP_Results/XFF/DOPCDOPE3to1_Tat_28to1_3p0
_XFF1.pdf used on input line 1708.
(pdftex.def)             Requested size: 195.12767pt x 145.90033pt.

<./figures/Tat/SDP_Results/EDP/DOPCDOPE3to1_Tat_28to1_3p0_EDP1.pdf, id=2222, 77
1.88374pt x 577.15625pt>
File: ./figures/Tat/SDP_Results/EDP/DOPCDOPE3to1_Tat_28to1_3p0_EDP1.pdf Graphic
 file (type pdf)

<use ./figures/Tat/SDP_Results/EDP/DOPCDOPE3to1_Tat_28to1_3p0_EDP1.pdf>
Package pdftex.def Info: ./figures/Tat/SDP_Results/EDP/DOPCDOPE3to1_Tat_28to1_3
p0_EDP1.pdf used on input line 1709.
(pdftex.def)             Requested size: 195.12767pt x 145.90033pt.

<figures/Tat/SDP_Results/XFF/DOPCDOPE3to1_Tat_16to1_3p0_XFF1.pdf, id=2223, 771.
88374pt x 577.15625pt>
File: figures/Tat/SDP_Results/XFF/DOPCDOPE3to1_Tat_16to1_3p0_XFF1.pdf Graphic f
ile (type pdf)

<use figures/Tat/SDP_Results/XFF/DOPCDOPE3to1_Tat_16to1_3p0_XFF1.pdf>
Package pdftex.def Info: figures/Tat/SDP_Results/XFF/DOPCDOPE3to1_Tat_16to1_3p0
_XFF1.pdf used on input line 1710.
(pdftex.def)             Requested size: 195.12767pt x 145.90033pt.

<./figures/Tat/SDP_Results/EDP/DOPCDOPE3to1_Tat_16to1_3p0_EDP1.pdf, id=2224, 77
1.88374pt x 577.15625pt>
File: ./figures/Tat/SDP_Results/EDP/DOPCDOPE3to1_Tat_16to1_3p0_EDP1.pdf Graphic
 file (type pdf)

<use ./figures/Tat/SDP_Results/EDP/DOPCDOPE3to1_Tat_16to1_3p0_EDP1.pdf>
Package pdftex.def Info: ./figures/Tat/SDP_Results/EDP/DOPCDOPE3to1_Tat_16to1_3
p0_EDP1.pdf used on input line 1711.
(pdftex.def)             Requested size: 195.12767pt x 145.90033pt.


LaTeX Warning: Float too large for page by 25.8063pt on input line 1716.


<figures/Tat/SDP_Results/XFF/DOPCDOPE1to1_XFF1.pdf, id=2225, 771.88374pt x 577.
15625pt>
File: figures/Tat/SDP_Results/XFF/DOPCDOPE1to1_XFF1.pdf Graphic file (type pdf)

 <use figures/Tat/SDP_Results/XFF/DOPCDOPE1to1_XFF1.pdf>
Package pdftex.def Info: figures/Tat/SDP_Results/XFF/DOPCDOPE1to1_XFF1.pdf used
 on input line 1720.
(pdftex.def)             Requested size: 195.12767pt x 145.90033pt.

<./figures/Tat/SDP_Results/EDP/DOPCDOPE1to1_EDP1.pdf, id=2226, 771.88374pt x 57
7.15625pt>
File: ./figures/Tat/SDP_Results/EDP/DOPCDOPE1to1_EDP1.pdf Graphic file (type pd
f)
 <use ./figures/Tat/SDP_Results/EDP/DOPCDOPE1to1_EDP1.pdf>
Package pdftex.def Info: ./figures/Tat/SDP_Results/EDP/DOPCDOPE1to1_EDP1.pdf us
ed on input line 1721.
(pdftex.def)             Requested size: 195.12767pt x 145.90033pt.

<figures/Tat/SDP_Results/XFF/DOPCDOPE1to1_Tat_62to1_3p0_XFF1.pdf, id=2227, 771.
88374pt x 577.15625pt>
File: figures/Tat/SDP_Results/XFF/DOPCDOPE1to1_Tat_62to1_3p0_XFF1.pdf Graphic f
ile (type pdf)

<use figures/Tat/SDP_Results/XFF/DOPCDOPE1to1_Tat_62to1_3p0_XFF1.pdf>
Package pdftex.def Info: figures/Tat/SDP_Results/XFF/DOPCDOPE1to1_Tat_62to1_3p0
_XFF1.pdf used on input line 1722.
(pdftex.def)             Requested size: 195.12767pt x 145.90033pt.

<./figures/Tat/SDP_Results/EDP/DOPCDOPE1to1_Tat_62to1_3p0_EDP1.pdf, id=2228, 77
1.88374pt x 577.15625pt>
File: ./figures/Tat/SDP_Results/EDP/DOPCDOPE1to1_Tat_62to1_3p0_EDP1.pdf Graphic
 file (type pdf)

<use ./figures/Tat/SDP_Results/EDP/DOPCDOPE1to1_Tat_62to1_3p0_EDP1.pdf>
Package pdftex.def Info: ./figures/Tat/SDP_Results/EDP/DOPCDOPE1to1_Tat_62to1_3
p0_EDP1.pdf used on input line 1723.
(pdftex.def)             Requested size: 195.12767pt x 145.90033pt.

<figures/Tat/SDP_Results/XFF/DOPCDOPE1to1_Tat_28to1_3p0_XFF1.pdf, id=2229, 771.
88374pt x 577.15625pt>
File: figures/Tat/SDP_Results/XFF/DOPCDOPE1to1_Tat_28to1_3p0_XFF1.pdf Graphic f
ile (type pdf)

<use figures/Tat/SDP_Results/XFF/DOPCDOPE1to1_Tat_28to1_3p0_XFF1.pdf>
Package pdftex.def Info: figures/Tat/SDP_Results/XFF/DOPCDOPE1to1_Tat_28to1_3p0
_XFF1.pdf used on input line 1724.
(pdftex.def)             Requested size: 195.12767pt x 145.90033pt.

<./figures/Tat/SDP_Results/EDP/DOPCDOPE1to1_Tat_28to1_3p0_EDP1.pdf, id=2230, 77
1.88374pt x 577.15625pt>
File: ./figures/Tat/SDP_Results/EDP/DOPCDOPE1to1_Tat_28to1_3p0_EDP1.pdf Graphic
 file (type pdf)

<use ./figures/Tat/SDP_Results/EDP/DOPCDOPE1to1_Tat_28to1_3p0_EDP1.pdf>
Package pdftex.def Info: ./figures/Tat/SDP_Results/EDP/DOPCDOPE1to1_Tat_28to1_3
p0_EDP1.pdf used on input line 1725.
(pdftex.def)             Requested size: 195.12767pt x 145.90033pt.

<figures/Tat/SDP_Results/XFF/DOPCDOPE1to1_Tat_16to1_3p0_XFF1.pdf, id=2231, 771.
88374pt x 577.15625pt>
File: figures/Tat/SDP_Results/XFF/DOPCDOPE1to1_Tat_16to1_3p0_XFF1.pdf Graphic f
ile (type pdf)

<use figures/Tat/SDP_Results/XFF/DOPCDOPE1to1_Tat_16to1_3p0_XFF1.pdf>
Package pdftex.def Info: figures/Tat/SDP_Results/XFF/DOPCDOPE1to1_Tat_16to1_3p0
_XFF1.pdf used on input line 1726.
(pdftex.def)             Requested size: 195.12767pt x 145.90033pt.

<./figures/Tat/SDP_Results/EDP/DOPCDOPE1to1_Tat_16to1_3p0_EDP1.pdf, id=2232, 77
1.88374pt x 577.15625pt>
File: ./figures/Tat/SDP_Results/EDP/DOPCDOPE1to1_Tat_16to1_3p0_EDP1.pdf Graphic
 file (type pdf)

<use ./figures/Tat/SDP_Results/EDP/DOPCDOPE1to1_Tat_16to1_3p0_EDP1.pdf>
Package pdftex.def Info: ./figures/Tat/SDP_Results/EDP/DOPCDOPE1to1_Tat_16to1_3
p0_EDP1.pdf used on input line 1727.
(pdftex.def)             Requested size: 195.12767pt x 145.90033pt.


LaTeX Warning: Float too large for page by 25.8063pt on input line 1732.

[50] [51 <./figures/Tat/SDP_Results/zTat_bound.pdf>] [52 <./figures/Tat/SDP_Res
ults/XFF/DOPCDOPE3to1_XFF1.pdf> <./figures/Tat/SDP_Results/EDP/DOPCDOPE3to1_EDP
1.pdf> <./figures/Tat/SDP_Results/XFF/DOPCDOPE3to1_Tat_62to1_3p0_XFF1.pdf> <./f
igures/Tat/SDP_Results/EDP/DOPCDOPE3to1_Tat_62to1_3p0_EDP1.pdf> <./figures/Tat/
SDP_Results/XFF/DOPCDOPE3to1_Tat_28to1_3p0_XFF1.pdf> <./figures/Tat/SDP_Results
/EDP/DOPCDOPE3to1_Tat_28to1_3p0_EDP1.pdf> <./figures/Tat/SDP_Results/XFF/DOPCDO
PE3to1_Tat_16to1_3p0_XFF1.pdf> <./figures/Tat/SDP_Results/EDP/DOPCDOPE3to1_Tat_
16to1_3p0_EDP1.pdf>] [53 <./figures/Tat/SDP_Results/XFF/DOPCDOPE1to1_XFF1.pdf> 
<./figures/Tat/SDP_Results/EDP/DOPCDOPE1to1_EDP1.pdf> <./figures/Tat/SDP_Result
s/XFF/DOPCDOPE1to1_Tat_62to1_3p0_XFF1.pdf> <./figures/Tat/SDP_Results/EDP/DOPCD
OPE1to1_Tat_62to1_3p0_EDP1.pdf> <./figures/Tat/SDP_Results/XFF/DOPCDOPE1to1_Tat
_28to1_3p0_XFF1.pdf> <./figures/Tat/SDP_Results/EDP/DOPCDOPE1to1_Tat_28to1_3p0_
EDP1.pdf> <./figures/Tat/SDP_Results/XFF/DOPCDOPE1to1_Tat_16to1_3p0_XFF1.pdf> <
./figures/Tat/SDP_Results/EDP/DOPCDOPE1to1_Tat_16to1_3p0_EDP1.pdf>]
<figures/Tat/MD_Results/xff/dopc_sim-exp.pdf, id=2501, 828.09375pt x 619.31375p
t>
File: figures/Tat/MD_Results/xff/dopc_sim-exp.pdf Graphic file (type pdf)
 <use figures/Tat/MD_Results/xff/dopc_sim-exp.pdf>
Package pdftex.def Info: figures/Tat/MD_Results/xff/dopc_sim-exp.pdf used on in
put line 1780.
(pdftex.def)             Requested size: 260.17464pt x 194.58401pt.

<figures/Tat/MD_Results/edp/dopc_70_PC-CG.pdf, id=2502, 828.09375pt x 633.36626
pt>
File: figures/Tat/MD_Results/edp/dopc_70_PC-CG.pdf Graphic file (type pdf)
 <use figures/Tat/MD_Results/edp/dopc_70_PC-CG.pdf>
Package pdftex.def Info: figures/Tat/MD_Results/edp/dopc_70_PC-CG.pdf used on i
nput line 1790.
(pdftex.def)             Requested size: 260.17464pt x 198.9992pt.
 [54 <./figures/Tat/MD_Results/xff/dopc_sim-exp.pdf>] [55 <./figures/Tat/MD_Res
ults/edp/dopc_70_PC-CG.pdf>]
<figures/Tat/MD_Results/xff/dopc-tat2_72_sim-exp1.pdf, id=2546, 828.09375pt x 6
19.31375pt>
File: figures/Tat/MD_Results/xff/dopc-tat2_72_sim-exp1.pdf Graphic file (type p
df)
 <use figures/Tat/MD_Results/xff/dopc-tat2_72_sim-exp1.pdf>
Package pdftex.def Info: figures/Tat/MD_Results/xff/dopc-tat2_72_sim-exp1.pdf u
sed on input line 1823.
(pdftex.def)             Requested size: 346.89731pt x 259.43906pt.

<figures/Tat/MD_Results/xff/dopc-tat2_74_sim-exp1.pdf, id=2547, 828.09375pt x 6
19.31375pt>
File: figures/Tat/MD_Results/xff/dopc-tat2_74_sim-exp1.pdf Graphic file (type p
df)
 <use figures/Tat/MD_Results/xff/dopc-tat2_74_sim-exp1.pdf>
Package pdftex.def Info: figures/Tat/MD_Results/xff/dopc-tat2_74_sim-exp1.pdf u
sed on input line 1824.
(pdftex.def)             Requested size: 346.89731pt x 259.43906pt.

<figures/Tat/MD_Results/xff/dopc-tat4_74_sim-exp1.pdf, id=2548, 828.09375pt x 6
19.31375pt>
File: figures/Tat/MD_Results/xff/dopc-tat4_74_sim-exp1.pdf Graphic file (type p
df)
 <use figures/Tat/MD_Results/xff/dopc-tat4_74_sim-exp1.pdf>
Package pdftex.def Info: figures/Tat/MD_Results/xff/dopc-tat4_74_sim-exp1.pdf u
sed on input line 1836.
(pdftex.def)             Requested size: 346.89731pt x 259.43906pt.

<figures/Tat/MD_Results/xff/dopc-tat4_76_sim-exp1.pdf, id=2549, 828.09375pt x 6
19.31375pt>
File: figures/Tat/MD_Results/xff/dopc-tat4_76_sim-exp1.pdf Graphic file (type p
df)
 <use figures/Tat/MD_Results/xff/dopc-tat4_76_sim-exp1.pdf>
Package pdftex.def Info: figures/Tat/MD_Results/xff/dopc-tat4_76_sim-exp1.pdf u
sed on input line 1837.
(pdftex.def)             Requested size: 346.89731pt x 259.43906pt.

<figures/Tat/figure4.pdf, id=2552, 764.45598pt x 665.68701pt>
File: figures/Tat/figure4.pdf Graphic file (type pdf)

<use figures/Tat/figure4.pdf>
Package pdftex.def Info: figures/Tat/figure4.pdf used on input line 1920.
(pdftex.def)             Requested size: 390.25534pt x 339.83109pt.

Underfull \hbox (badness 1622) in paragraph at lines 1926--1926
[]\OT1/cmr/m/n/12 Figure 2.30: |MD sim-u-lated form fac-tors (red solid lines i
n A and C) of
 []

[56] [57 <./figures/Tat/MD_Results/xff/dopc-tat2_72_sim-exp1.pdf> <./figures/Ta
t/MD_Results/xff/dopc-tat2_74_sim-exp1.pdf>] [58 <./figures/Tat/MD_Results/xff/
dopc-tat4_74_sim-exp1.pdf> <./figures/Tat/MD_Results/xff/dopc-tat4_76_sim-exp1.
pdf>] [59 <./figures/Tat/figure4.pdf>]
<figures/Tat/MD_Results/arginine-lysine/charged-groups.pdf, id=2632, 361.35pt x
 310.15875pt>
File: figures/Tat/MD_Results/arginine-lysine/charged-groups.pdf Graphic file (t
ype pdf)
 <use figures/Tat/MD_Results/arginine-lysine/charged-groups.pdf>
Package pdftex.def Info: figures/Tat/MD_Results/arginine-lysine/charged-groups.
pdf used on input line 1979.
(pdftex.def)             Requested size: 303.53267pt x 260.53157pt.

[60] [61 <./figures/Tat/MD_Results/arginine-lysine/charged-groups.pdf>]
<figures/Tat/figure9.pdf, id=2663, 940.65717pt x 316.61142pt>
File: figures/Tat/figure9.pdf Graphic file (type pdf)

<use figures/Tat/figure9.pdf>
Package pdftex.def Info: figures/Tat/figure9.pdf used on input line 2059.
(pdftex.def)             Requested size: 390.25534pt x 131.35747pt.


LaTeX Warning: Reference `fig:Kc' on page 62 undefined on input line 2121.


LaTeX Warning: Reference `fig:form_factors' on page 62 undefined on input line 
2126.


Underfull \vbox (badness 10000) has occurred while \output is active []

 [62 <./figures/Tat/figure9.pdf>]
Underfull \vbox (badness 10000) has occurred while \output is active []

 [63]
Missing character: There is no Î in font cmr12!
Missing character: There is no ² in font cmr12!
Missing character: There is no Î in font cmr12!
Missing character: There is no ± in font cmr12!

[64]
Missing character: There is no â in font cmr12!
Missing character: There is no € in font cmr12!
Missing character: There is no ™ in font cmr12!
Missing character: There is no â in font cmr12!
Missing character: There is no € in font cmr12!
Missing character: There is no ™ in font cmr12!
Missing character: There is no â in font cmr12!
Missing character: There is no € in font cmr12!
Missing character: There is no ™ in font cmr12!
Missing character: There is no â in font cmr12!
Missing character: There is no € in font cmr12!
Missing character: There is no ™ in font cmr12!


LaTeX Warning: Citation `Ziegler' on page 65 undefined on input line 2215.

) [65] [66] [163




] (./thesis.bbl [184


] [185]
Missing character: There is no â in font cmr12!
Missing character: There is no € in font cmr12!
Missing character: There is no ” in font cmr12!
Missing character: There is no Ã in font cmr12!
Missing character: There is no ¤ in font cmr12!
Missing character: There is no Ã in font cmr12!
Missing character: There is no œ in font cmr12!
Missing character: There is no Ã in font cmr12!
Missing character: There is no ¨ in font cmr12!
 [186]
Missing character: There is no Ã in font cmr12!
Missing character: There is no ¼ in font cmr12!
Missing character: There is no Ã in font cmr12!
Missing character: There is no ¼ in font cmr12!
Missing character: There is no Ã in font cmr12!
Missing character: There is no ¼ in font cmr12!
Missing character: There is no â in font cmr12!
Missing character: There is no € in font cmr12!
Missing character: There is no ‰ in font cmr12!
Missing character: There is no â in font cmr12!
Missing character: There is no € in font cmr12!
Missing character: There is no   in font cmr12!
 [187]
Underfull \hbox (badness 10000) in paragraph at lines 231--236
[]\OT1/cmr/m/n/12 V. P. Torchilin, T. S. Levchenko, R. Ram-mo-han, N. Volo-d-in
a,
 []

[188] [189] [190]
Missing character: There is no Ð in font cmti12!
Missing character: There is no ¥ in font cmti12!
Missing character: There is no Ä in font cmr12!
Missing character: There is no  in font cmr12!

Underfull \hbox (badness 10000) in paragraph at lines 369--370
[][]$\OT1/cmtt/m/n/12 http : / / lcgapp . cern . ch / project / cls / work-[]pa
ckages / mathlibs / minuit /
 []

Missing character: There is no Ã in font cmr12!
Missing character: There is no ¤ in font cmr12!
Missing character: There is no Ã in font cmr12!
Missing character: There is no ¤ in font cmr12!
[191]
Missing character: There is no Ä in font cmr12!
Missing character: There is no  in font cmr12!
Missing character: There is no â in font cmr12!
Missing character: There is no ‹ in font cmr12!
Missing character: There is no … in font cmr12!
 [192] [193] [194]
Missing character: There is no â in font cmr12!
Missing character: There is no € in font cmr12!
Missing character: There is no ² in font cmr12!
 [195]
Missing character: There is no â in font cmr12!
Missing character: There is no € in font cmr12!
Missing character: There is no œ in font cmr12!
Missing character: There is no â in font cmr12!
Missing character: There is no € in font cmr12!
Missing character: There is no  in font cmr12!
 [196])
Package atveryend Info: Empty hook `BeforeClearDocument' on input line 119.
 [197]
Package atveryend Info: Empty hook `AfterLastShipout' on input line 119.
 (./thesis.aux (./abstract.aux)
(./acknowledgments.aux) (./chap_01.aux) (./chap_02.aux) (./chap_03.aux)
(./appendix.aux))
Package atveryend Info: Executing hook `AtVeryEndDocument' on input line 119.
Package atveryend Info: Executing hook `AtEndAfterFileList' on input line 119.
Package rerunfilecheck Info: File `thesis.out' has not changed.
(rerunfilecheck)             Checksum: 4042702223FA4E7E10B37421F1CF345A;1901.


LaTeX Warning: There were undefined references.


LaTeX Warning: There were multiply-defined labels.

Package atveryend Info: Empty hook `AtVeryVeryEnd' on input line 119.
 ) 
Here is how much of TeX's memory you used:
 13260 strings out of 493493
 208812 string characters out of 3143797
 386494 words of memory out of 3000000
 15702 multiletter control sequences out of 15000+200000
 24900 words of font info for 98 fonts, out of 3000000 for 9000
 958 hyphenation exceptions out of 8191
 46i,13n,76p,1451b,435s stack positions out of 5000i,500n,10000p,200000b,50000s
pdfTeX warning (dest): name{figure.caption.138} has been referenced but does 
not exist, replaced by a fixed one

pdfTeX warning (dest): name{figure.caption.137} has been referenced but does no
t exist, replaced by a fixed one

pdfTeX warning (dest): name{figure.caption.136} has been referenced but does no
t exist, replaced by a fixed one

pdfTeX warning (dest): name{figure.caption.135} has been referenced but does no
t exist, replaced by a fixed one

pdfTeX warning (dest): name{figure.caption.134} has been referenced but does no
t exist, replaced by a fixed one

pdfTeX warning (dest): name{figure.caption.88} has been referenced but does not
 exist, replaced by a fixed one

pdfTeX warning (dest): name{figure.caption.87} has been referenced but does not
 exist, replaced by a fixed one

pdfTeX warning (dest): name{figure.caption.86} has been referenced but does not
 exist, replaced by a fixed one

pdfTeX warning (dest): name{figure.caption.85} has been referenced but does not
 exist, replaced by a fixed one

pdfTeX warning (dest): name{figure.caption.84} has been referenced but does not
 exist, replaced by a fixed one

pdfTeX warning (dest): name{figure.caption.83} has been referenced but does not
 exist, replaced by a fixed one

pdfTeX warning (dest): name{figure.caption.80} has been referenced but does not
 exist, replaced by a fixed one

pdfTeX warning (dest): name{figure.caption.79} has been referenced but does not
 exist, replaced by a fixed one

pdfTeX warning (dest): name{figure.caption.77} has been referenced but does not
 exist, replaced by a fixed one

pdfTeX warning (dest): name{figure.caption.76} has been referenced but does not
 exist, replaced by a fixed one

pdfTeX warning (dest): name{figure.caption.75} has been referenced but does not
 exist, replaced by a fixed one

pdfTeX warning (dest): name{figure.caption.73} has been referenced but does not
 exist, replaced by a fixed one

pdfTeX warning (dest): name{figure.caption.72} has been referenced but does not
 exist, replaced by a fixed one

pdfTeX warning (dest): name{figure.caption.71} has been referenced but does not
 exist, replaced by a fixed one

pdfTeX warning (dest): name{figure.caption.70} has been referenced but does not
 exist, replaced by a fixed one

pdfTeX warning (dest): name{figure.caption.69} has been referenced but does not
 exist, replaced by a fixed one

pdfTeX warning (dest): name{figure.caption.68} has been referenced but does not
 exist, replaced by a fixed one

pdfTeX warning (dest): name{figure.caption.67} has been referenced but does not
 exist, replaced by a fixed one

pdfTeX warning (dest): name{figure.caption.66} has been referenced but does not
 exist, replaced by a fixed one

pdfTeX warning (dest): name{figure.caption.61} has been referenced but does not
 exist, replaced by a fixed one

pdfTeX warning (dest): name{figure.caption.60} has been referenced but does not
 exist, replaced by a fixed one

pdfTeX warning (dest): name{figure.caption.59} has been referenced but does not
 exist, replaced by a fixed one

pdfTeX warning (dest): name{figure.caption.56} has been referenced but does not
 exist, replaced by a fixed one

pdfTeX warning (dest): name{figure.caption.55} has been referenced but does not
 exist, replaced by a fixed one

pdfTeX warning (dest): name{equation.3.3.37} has been referenced but does not e
xist, replaced by a fixed one

pdfTeX warning (dest): name{figure.caption.43} has been referenced but does not
 exist, replaced by a fixed one

pdfTeX warning (dest): name{equation.3.3.30} has been referenced but does not e
xist, replaced by a fixed one

pdfTeX warning (dest): name{figure.caption.37} has been referenced but does not
 exist, replaced by a fixed one

pdfTeX warning (dest): name{figure.caption.36} has been referenced but does not
 exist, replaced by a fixed one

pdfTeX warning (dest): name{figure.caption.21} has been referenced but does not
 exist, replaced by a fixed one

pdfTeX warning (dest): name{figure.caption.20} has been referenced but does not
 exist, replaced by a fixed one

pdfTeX warning (dest): name{figure.caption.13} has been referenced but does not
 exist, replaced by a fixed one

pdfTeX warning (dest): name{table.caption.82} has been referenced but does not 
exist, replaced by a fixed one

pdfTeX warning (dest): name{table.caption.81} has been referenced but does not 
exist, replaced by a fixed one

pdfTeX warning (dest): name{table.caption.74} has been referenced but does not 
exist, replaced by a fixed one

pdfTeX warning (dest): name{table.caption.62} has been referenced but does not 
exist, replaced by a fixed one

pdfTeX warning (dest): name{table.caption.58} has been referenced but does not 
exist, replaced by a fixed one

pdfTeX warning (dest): name{table.caption.54} has been referenced but does not 
exist, replaced by a fixed one

pdfTeX warning (dest): name{table.caption.50} has been referenced but does not 
exist, replaced by a fixed one

pdfTeX warning (dest): name{table.caption.49} has been referenced but does not 
exist, replaced by a fixed one

pdfTeX warning (dest): name{table.caption.48} has been referenced but does not 
exist, replaced by a fixed one

pdfTeX warning (dest): name{table.caption.47} has been referenced but does not 
exist, replaced by a fixed one

pdfTeX warning (dest): name{table.caption.46} has been referenced but does not 
exist, replaced by a fixed one

pdfTeX warning (dest): name{table.caption.45} has been referenced but does not 
exist, replaced by a fixed one

pdfTeX warning (dest): name{table.caption.18} has been referenced but does not 
exist, replaced by a fixed one

pdfTeX warning (dest): name{table.caption.17} has been referenced but does not 
exist, replaced by a fixed one

pdfTeX warning (dest): name{table.caption.14} has been referenced but does not 
exist, replaced by a fixed one

pdfTeX warning (dest): name{section.a.A.5} has been referenced but does not exi
st, replaced by a fixed one

pdfTeX warning (dest): name{section.a.A.4} has been referenced but does not exi
st, replaced by a fixed one

pdfTeX warning (dest): name{section.a.A.3} has been referenced but does not exi
st, replaced by a fixed one

pdfTeX warning (dest): name{section.a.A.2} has been referenced but does not exi
st, replaced by a fixed one

pdfTeX warning (dest): name{subsection.a.A.1.3} has been referenced but does no
t exist, replaced by a fixed one

pdfTeX warning (dest): name{subsection.a.A.1.2} has been referenced but does no
t exist, replaced by a fixed one

pdfTeX warning (dest): name{subsection.a.A.1.1} has been referenced but does no
t exist, replaced by a fixed one

pdfTeX warning (dest): name{section.a.A.1} has been referenced but does not exi
st, replaced by a fixed one

pdfTeX warning (dest): name{Appendix.a.A} has been referenced but does not exis
t, replaced by a fixed one

pdfTeX warning (dest): name{section.3.12} has been referenced but does not exis
t, replaced by a fixed one

pdfTeX warning (dest): name{subsection.3.11.2} has been referenced but does not
 exist, replaced by a fixed one

pdfTeX warning (dest): name{subsection.3.11.1} has been referenced but does not
 exist, replaced by a fixed one

pdfTeX warning (dest): name{section.3.11} has been referenced but does not exis
t, replaced by a fixed one

pdfTeX warning (dest): name{section.3.10} has been referenced but does not exis
t, replaced by a fixed one

pdfTeX warning (dest): name{subsection.3.9.2} has been referenced but does not 
exist, replaced by a fixed one

pdfTeX warning (dest): name{subsection.3.9.1} has been referenced but does not 
exist, replaced by a fixed one

pdfTeX warning (dest): name{section.3.9} has been referenced but does not exist
, replaced by a fixed one

pdfTeX warning (dest): name{section.3.8} has been referenced but does not exist
, replaced by a fixed one

pdfTeX warning (dest): name{subsection.3.7.2} has been referenced but does not 
exist, replaced by a fixed one

pdfTeX warning (dest): name{subsection.3.7.1} has been referenced but does not 
exist, replaced by a fixed one

pdfTeX warning (dest): name{section.3.7} has been referenced but does not exist
, replaced by a fixed one

pdfTeX warning (dest): name{section.3.6} has been referenced but does not exist
, replaced by a fixed one

pdfTeX warning (dest): name{subsection.3.5.4} has been referenced but does not 
exist, replaced by a fixed one

pdfTeX warning (dest): name{subsection.3.5.3} has been referenced but does not 
exist, replaced by a fixed one

pdfTeX warning (dest): name{subsection.3.5.2} has been referenced but does not 
exist, replaced by a fixed one

pdfTeX warning (dest): name{subsection.3.5.1} has been referenced but does not 
exist, replaced by a fixed one

pdfTeX warning (dest): name{section.3.5} has been referenced but does not exist
, replaced by a fixed one

pdfTeX warning (dest): name{section.3.4} has been referenced but does not exist
, replaced by a fixed one

pdfTeX warning (dest): name{subsection.3.3.4} has been referenced but does not 
exist, replaced by a fixed one

pdfTeX warning (dest): name{subsection.3.3.3} has been referenced but does not 
exist, replaced by a fixed one

pdfTeX warning (dest): name{subsection.3.3.2} has been referenced but does not 
exist, replaced by a fixed one

pdfTeX warning (dest): name{subsection.3.3.1} has been referenced but does not 
exist, replaced by a fixed one

pdfTeX warning (dest): name{section.3.3} has been referenced but does not exist
, replaced by a fixed one

pdfTeX warning (dest): name{subsection.3.2.6} has been referenced but does not 
exist, replaced by a fixed one

pdfTeX warning (dest): name{subsection.3.2.5} has been referenced but does not 
exist, replaced by a fixed one

pdfTeX warning (dest): name{subsection.3.2.4} has been referenced but does not 
exist, replaced by a fixed one

pdfTeX warning (dest): name{subsection.3.2.3} has been referenced but does not 
exist, replaced by a fixed one

pdfTeX warning (dest): name{subsection.3.2.2} has been referenced but does not 
exist, replaced by a fixed one

pdfTeX warning (dest): name{subsection.3.2.1} has been referenced but does not 
exist, replaced by a fixed one

pdfTeX warning (dest): name{section.3.2} has been referenced but does not exist
, replaced by a fixed one

pdfTeX warning (dest): name{subsection.3.1.2} has been referenced but does not 
exist, replaced by a fixed one

pdfTeX warning (dest): name{subsection.3.1.1} has been referenced but does not 
exist, replaced by a fixed one

pdfTeX warning (dest): name{section.3.1} has been referenced but does not exist
, replaced by a fixed one

pdfTeX warning (dest): name{chapter.3} has been referenced but does not exist, 
replaced by a fixed one

pdfTeX warning (dest): name{page.69} has been referenced but does not exist, re
placed by a fixed one

{/usr/share/texmf/fonts/enc/dvips/cm-super/cm-super-ts1.enc}</usr/share/texlive
/texmf-dist/fonts/type1/public/amsfonts/cm/cmbx12.pfb></usr/share/texlive/texmf
-dist/fonts/type1/public/amsfonts/cm/cmbx8.pfb></usr/share/texlive/texmf-dist/f
onts/type1/public/amsfonts/cm/cmex10.pfb></usr/share/texlive/texmf-dist/fonts/t
ype1/public/amsfonts/cm/cmmi12.pfb></usr/share/texlive/texmf-dist/fonts/type1/p
ublic/amsfonts/cm/cmmi6.pfb></usr/share/texlive/texmf-dist/fonts/type1/public/a
msfonts/cm/cmmi8.pfb></usr/share/texlive/texmf-dist/fonts/type1/public/amsfonts
/cm/cmr12.pfb></usr/share/texlive/texmf-dist/fonts/type1/public/amsfonts/cm/cmr
6.pfb></usr/share/texlive/texmf-dist/fonts/type1/public/amsfonts/cm/cmr8.pfb></
usr/share/texlive/texmf-dist/fonts/type1/public/amsfonts/cm/cmsy10.pfb></usr/sh
are/texlive/texmf-dist/fonts/type1/public/amsfonts/cm/cmsy6.pfb></usr/share/tex
live/texmf-dist/fonts/type1/public/amsfonts/cm/cmsy8.pfb></usr/share/texlive/te
xmf-dist/fonts/type1/public/amsfonts/cm/cmti12.pfb></usr/share/texlive/texmf-di
st/fonts/type1/public/amsfonts/cm/cmtt12.pfb></usr/share/texmf/fonts/type1/publ
ic/cm-super/sfrm1200.pfb>
Output written on thesis.pdf (106 pages, 11412811 bytes).
PDF statistics:
 3000 PDF objects out of 3580 (max. 8388607)
 2604 compressed objects within 27 object streams
 446 named destinations out of 1000 (max. 500000)
 602 words of extra memory for PDF output out of 10000 (max. 10000000)

