\BOOKMARK [0][-]{chapter.3}{Ripple Phase}{}% 27
\BOOKMARK [1][-]{section.3.1}{Introduction}{chapter.3}% 28
\BOOKMARK [2][-]{subsection.3.1.1}{Some Historical Detail}{section.3.1}% 29
\BOOKMARK [2][-]{subsection.3.1.2}{Purpose of This Study}{section.3.1}% 30
\BOOKMARK [1][-]{section.3.2}{Materials and Methods}{chapter.3}% 31
\BOOKMARK [2][-]{subsection.3.2.1}{Sample Preparation}{section.3.2}% 32
\BOOKMARK [2][-]{subsection.3.2.2}{Instrumental Resolution}{section.3.2}% 33
\BOOKMARK [2][-]{subsection.3.2.3}{Low Angle X-ray Scattering \(LAXS\)}{section.3.2}% 34
\BOOKMARK [2][-]{subsection.3.2.4}{Near Grazing Incidence Wide Angle X-ray Scattering \(nGIWAXS\)}{section.3.2}% 35
\BOOKMARK [2][-]{subsection.3.2.5}{Transmission Wide Angle X-ray Scattering \(tWAXS\)}{section.3.2}% 36
\BOOKMARK [2][-]{subsection.3.2.6}{Sample q-space}{section.3.2}% 37
\BOOKMARK [1][-]{section.3.3}{LAXS Data Reduction}{chapter.3}% 38
\BOOKMARK [2][-]{subsection.3.3.1}{Lattice Structure \205 Unit Cell}{section.3.3}% 39
\BOOKMARK [2][-]{subsection.3.3.2}{Lorentz Correction}{section.3.3}% 40
\BOOKMARK [2][-]{subsection.3.3.3}{Absorption Correction for LAXS}{section.3.3}% 41
\BOOKMARK [2][-]{subsection.3.3.4}{Correction due to Mosaic Spread}{section.3.3}% 42
\BOOKMARK [2][-]{subsection.3.3.5}{Synopsis of Intensity Corrections}{section.3.3}% 43
\BOOKMARK [1][-]{section.3.4}{Results for |Fhk| Form Factors}{chapter.3}% 44
\BOOKMARK [1][-]{section.3.5}{Models to Fit the |Fhk| and Obtain the Phase Factors}{chapter.3}% 45
\BOOKMARK [2][-]{subsection.3.5.1}{Contour Part of the Form Factor}{section.3.5}% 46
\BOOKMARK [2][-]{subsection.3.5.2}{Transbilayer Part of the Form Factor}{section.3.5}% 47
\BOOKMARK [2][-]{subsection.3.5.3}{Some Results of Model Fitting}{section.3.5}% 48
\BOOKMARK [2][-]{subsection.3.5.4}{Results for the Phase Factors}{section.3.5}% 49
\BOOKMARK [1][-]{section.3.6}{Electron Density Profiles and Coarse Grained Bilayer Structure}{chapter.3}% 50
\BOOKMARK [1][-]{section.3.7}{nGIWAXS: Results}{chapter.3}% 51
\BOOKMARK [2][-]{subsection.3.7.1}{Fluid and Gel Phase}{section.3.7}% 52
\BOOKMARK [2][-]{subsection.3.7.2}{Ripple Phase}{section.3.7}% 53
\BOOKMARK [1][-]{section.3.8}{tWAXS: Results}{chapter.3}% 54
\BOOKMARK [1][-]{section.3.9}{Thin Rod Model}{chapter.3}% 55
\BOOKMARK [2][-]{subsection.3.9.1}{Gel Phase Model}{section.3.9}% 56
\BOOKMARK [2][-]{subsection.3.9.2}{Ripple Model}{section.3.9}% 57
\BOOKMARK [1][-]{section.3.10}{Combining WAXS and LAXS Results for the Major Arm}{chapter.3}% 58
\BOOKMARK [1][-]{section.3.11}{Discussion}{chapter.3}% 59
\BOOKMARK [2][-]{subsection.3.11.1}{Major Arm}{section.3.11}% 60
\BOOKMARK [2][-]{subsection.3.11.2}{Minor Arm}{section.3.11}% 61
\BOOKMARK [1][-]{section.3.12}{Conclusion}{chapter.3}% 62
\BOOKMARK [0][-]{section*.11}{Appendices}{}% 63
